{"/home/chris/fonetik/electron/main.ts": {"path":"/home/chris/fonetik/electron/main.ts","statementMap":{"0":{"start":{"line":1,"column":0},"end":{"line":1,"column":55}},"1":{"start":{"line":2,"column":0},"end":{"line":2,"column":24}},"2":{"start":{"line":3,"column":0},"end":{"line":3,"column":38}},"3":{"start":{"line":4,"column":0},"end":{"line":4,"column":30}},"4":{"start":{"line":5,"column":0},"end":{"line":5,"column":25}},"5":{"start":{"line":7,"column":0},"end":{"line":7,"column":60}},"6":{"start":{"line":8,"column":0},"end":{"line":8,"column":66}},"7":{"start":{"line":9,"column":0},"end":{"line":9,"column":59}},"8":{"start":{"line":12,"column":0},"end":{"line":12,"column":44}},"9":{"start":{"line":13,"column":0},"end":{"line":13,"column":60}},"10":{"start":{"line":14,"column":0},"end":{"line":14,"column":43}},"11":{"start":{"line":20,"column":39},"end":{"line":20,"column":43}},"12":{"start":{"line":21,"column":34},"end":{"line":21,"column":38}},"13":{"start":{"line":22,"column":43},"end":{"line":22,"column":47}},"14":{"start":{"line":23,"column":40},"end":{"line":23,"column":44}},"15":{"start":{"line":24,"column":39},"end":{"line":24,"column":43}},"16":{"start":{"line":25,"column":17},"end":{"line":25,"column":21}},"17":{"start":{"line":30,"column":16},"end":{"line":30,"column":56}},"18":{"start":{"line":31,"column":2},"end":{"line":33,"column":3}},"19":{"start":{"line":32,"column":4},"end":{"line":32,"column":58}},"20":{"start":{"line":34,"column":17},"end":{"line":34,"column":47}},"21":{"start":{"line":37,"column":2},"end":{"line":39,"column":5}},"22":{"start":{"line":38,"column":4},"end":{"line":38,"column":56}},"23":{"start":{"line":38,"column":13},"end":{"line":38,"column":56}},"24":{"start":{"line":42,"column":26},"end":{"line":45,"column":73}},"25":{"start":{"line":45,"column":31},"end":{"line":45,"column":72}},"26":{"start":{"line":47,"column":2},"end":{"line":49,"column":3}},"27":{"start":{"line":48,"column":4},"end":{"line":48,"column":68}},"28":{"start":{"line":52,"column":2},"end":{"line":52,"column":39}},"29":{"start":{"line":53,"column":2},"end":{"line":53,"column":36}},"30":{"start":{"line":69,"column":22},"end":{"line":69,"column":40}},"31":{"start":{"line":69,"column":53},"end":{"line":69,"column":69}},"32":{"start":{"line":68,"column":10},"end":{"line":68,"column":49}},"33":{"start":{"line":72,"column":18},"end":{"line":72,"column":35}},"34":{"start":{"line":73,"column":4},"end":{"line":73,"column":28}},"35":{"start":{"line":73,"column":16},"end":{"line":73,"column":28}},"36":{"start":{"line":74,"column":4},"end":{"line":77,"column":5}},"37":{"start":{"line":75,"column":6},"end":{"line":75,"column":27}},"38":{"start":{"line":76,"column":6},"end":{"line":76,"column":18}},"39":{"start":{"line":78,"column":4},"end":{"line":78,"column":22}},"40":{"start":{"line":83,"column":4},"end":{"line":86,"column":5}},"41":{"start":{"line":84,"column":21},"end":{"line":84,"column":95}},"42":{"start":{"line":84,"column":60},"end":{"line":84,"column":91}},"43":{"start":{"line":85,"column":6},"end":{"line":85,"column":33}},"44":{"start":{"line":87,"column":4},"end":{"line":87,"column":55}},"45":{"start":{"line":91,"column":4},"end":{"line":91,"column":21}},"46":{"start":{"line":95,"column":18},"end":{"line":95,"column":54}},"47":{"start":{"line":96,"column":19},"end":{"line":96,"column":57}},"48":{"start":{"line":105,"column":22},"end":{"line":105,"column":42}},"49":{"start":{"line":103,"column":10},"end":{"line":103,"column":50}},"50":{"start":{"line":108,"column":16},"end":{"line":108,"column":26}},"51":{"start":{"line":109,"column":25},"end":{"line":109,"column":36}},"52":{"start":{"line":110,"column":18},"end":{"line":110,"column":78}},"53":{"start":{"line":110,"column":61},"end":{"line":110,"column":77}},"54":{"start":{"line":112,"column":4},"end":{"line":114,"column":5}},"55":{"start":{"line":113,"column":6},"end":{"line":113,"column":19}},"56":{"start":{"line":116,"column":4},"end":{"line":116,"column":20}},"57":{"start":{"line":117,"column":4},"end":{"line":117,"column":34}},"58":{"start":{"line":118,"column":4},"end":{"line":118,"column":16}},"59":{"start":{"line":122,"column":4},"end":{"line":122,"column":30}},"60":{"start":{"line":126,"column":23},"end":{"line":126,"column":42}},"61":{"start":{"line":127,"column":26},"end":{"line":127,"column":45}},"62":{"start":{"line":133,"column":24},"end":{"line":141,"column":2}},"63":{"start":{"line":144,"column":2},"end":{"line":146,"column":3}},"64":{"start":{"line":145,"column":4},"end":{"line":145,"column":40}},"65":{"start":{"line":147,"column":2},"end":{"line":147,"column":14}},"66":{"start":{"line":151,"column":2},"end":{"line":156,"column":29}},"67":{"start":{"line":161,"column":14},"end":{"line":161,"column":40}},"68":{"start":{"line":162,"column":2},"end":{"line":164,"column":3}},"69":{"start":{"line":163,"column":4},"end":{"line":163,"column":53}},"70":{"start":{"line":165,"column":2},"end":{"line":165,"column":13}},"71":{"start":{"line":170,"column":2},"end":{"line":173,"column":3}},"72":{"start":{"line":171,"column":4},"end":{"line":171,"column":48}},"73":{"start":{"line":172,"column":4},"end":{"line":172,"column":68}},"74":{"start":{"line":174,"column":2},"end":{"line":174,"column":15}},"75":{"start":{"line":179,"column":2},"end":{"line":190,"column":5}},"76":{"start":{"line":192,"column":2},"end":{"line":192,"column":66}},"77":{"start":{"line":194,"column":2},"end":{"line":196,"column":5}},"78":{"start":{"line":195,"column":4},"end":{"line":195,"column":22}},"79":{"start":{"line":199,"column":0},"end":{"line":202,"column":3}},"80":{"start":{"line":199,"column":27},"end":{"line":202,"column":2}},"81":{"start":{"line":200,"column":2},"end":{"line":200,"column":24}},"82":{"start":{"line":201,"column":2},"end":{"line":201,"column":17}},"83":{"start":{"line":204,"column":0},"end":{"line":213,"column":3}},"84":{"start":{"line":205,"column":2},"end":{"line":212,"column":3}},"85":{"start":{"line":206,"column":4},"end":{"line":210,"column":5}},"86":{"start":{"line":207,"column":6},"end":{"line":209,"column":9}},"87":{"start":{"line":208,"column":8},"end":{"line":208,"column":55}},"88":{"start":{"line":208,"column":17},"end":{"line":208,"column":55}},"89":{"start":{"line":211,"column":4},"end":{"line":211,"column":15}},"90":{"start":{"line":219,"column":0},"end":{"line":254,"column":3}},"91":{"start":{"line":219,"column":63},"end":{"line":254,"column":2}},"92":{"start":{"line":220,"column":2},"end":{"line":253,"column":3}},"93":{"start":{"line":222,"column":4},"end":{"line":224,"column":5}},"94":{"start":{"line":223,"column":6},"end":{"line":223,"column":45}},"95":{"start":{"line":227,"column":22},"end":{"line":227,"column":48}},"96":{"start":{"line":230,"column":19},"end":{"line":230,"column":43}},"97":{"start":{"line":231,"column":4},"end":{"line":233,"column":5}},"98":{"start":{"line":232,"column":6},"end":{"line":232,"column":20}},"99":{"start":{"line":236,"column":4},"end":{"line":250,"column":7}},"100":{"start":{"line":237,"column":6},"end":{"line":249,"column":8}},"101":{"start":{"line":241,"column":10},"end":{"line":244,"column":11}},"102":{"start":{"line":242,"column":12},"end":{"line":242,"column":55}},"103":{"start":{"line":243,"column":12},"end":{"line":243,"column":19}},"104":{"start":{"line":245,"column":25},"end":{"line":245,"column":35}},"105":{"start":{"line":246,"column":10},"end":{"line":246,"column":43}},"106":{"start":{"line":247,"column":10},"end":{"line":247,"column":26}},"107":{"start":{"line":252,"column":4},"end":{"line":252,"column":61}},"108":{"start":{"line":260,"column":0},"end":{"line":385,"column":3}},"109":{"start":{"line":260,"column":68},"end":{"line":385,"column":2}},"110":{"start":{"line":261,"column":2},"end":{"line":384,"column":3}},"111":{"start":{"line":263,"column":4},"end":{"line":265,"column":5}},"112":{"start":{"line":264,"column":6},"end":{"line":264,"column":45}},"113":{"start":{"line":268,"column":4},"end":{"line":270,"column":5}},"114":{"start":{"line":269,"column":6},"end":{"line":269,"column":79}},"115":{"start":{"line":273,"column":4},"end":{"line":275,"column":5}},"116":{"start":{"line":274,"column":6},"end":{"line":274,"column":48}},"117":{"start":{"line":276,"column":22},"end":{"line":276,"column":48}},"118":{"start":{"line":279,"column":21},"end":{"line":279,"column":44}},"119":{"start":{"line":280,"column":19},"end":{"line":280,"column":43}},"120":{"start":{"line":281,"column":4},"end":{"line":283,"column":5}},"121":{"start":{"line":282,"column":6},"end":{"line":282,"column":20}},"122":{"start":{"line":285,"column":37},"end":{"line":309,"column":6}},"123":{"start":{"line":311,"column":26},"end":{"line":311,"column":110}},"124":{"start":{"line":314,"column":24},"end":{"line":314,"column":66}},"125":{"start":{"line":315,"column":18},"end":{"line":315,"column":112}},"126":{"start":{"line":316,"column":22},"end":{"line":316,"column":49}},"127":{"start":{"line":318,"column":4},"end":{"line":381,"column":5}},"128":{"start":{"line":320,"column":6},"end":{"line":326,"column":7}},"129":{"start":{"line":322,"column":28},"end":{"line":322,"column":48}},"130":{"start":{"line":323,"column":8},"end":{"line":323,"column":112}},"131":{"start":{"line":325,"column":8},"end":{"line":325,"column":31}},"132":{"start":{"line":328,"column":25},"end":{"line":332,"column":8}},"133":{"start":{"line":334,"column":21},"end":{"line":334,"column":55}},"134":{"start":{"line":335,"column":6},"end":{"line":335,"column":39}},"135":{"start":{"line":336,"column":6},"end":{"line":336,"column":20}},"136":{"start":{"line":339,"column":28},"end":{"line":349,"column":8}},"137":{"start":{"line":351,"column":18},"end":{"line":351,"column":25}},"138":{"start":{"line":352,"column":16},"end":{"line":352,"column":39}},"139":{"start":{"line":353,"column":6},"end":{"line":361,"column":60}},"140":{"start":{"line":353,"column":65},"end":{"line":353,"column":91}},"141":{"start":{"line":354,"column":11},"end":{"line":361,"column":60}},"142":{"start":{"line":354,"column":38},"end":{"line":354,"column":64}},"143":{"start":{"line":355,"column":11},"end":{"line":361,"column":60}},"144":{"start":{"line":355,"column":37},"end":{"line":355,"column":60}},"145":{"start":{"line":356,"column":11},"end":{"line":361,"column":60}},"146":{"start":{"line":356,"column":36},"end":{"line":356,"column":59}},"147":{"start":{"line":357,"column":11},"end":{"line":361,"column":60}},"148":{"start":{"line":357,"column":38},"end":{"line":357,"column":61}},"149":{"start":{"line":358,"column":11},"end":{"line":361,"column":60}},"150":{"start":{"line":358,"column":41},"end":{"line":358,"column":64}},"151":{"start":{"line":359,"column":11},"end":{"line":361,"column":60}},"152":{"start":{"line":359,"column":38},"end":{"line":359,"column":61}},"153":{"start":{"line":360,"column":11},"end":{"line":361,"column":60}},"154":{"start":{"line":360,"column":38},"end":{"line":360,"column":61}},"155":{"start":{"line":361,"column":11},"end":{"line":361,"column":60}},"156":{"start":{"line":361,"column":37},"end":{"line":361,"column":60}},"157":{"start":{"line":363,"column":23},"end":{"line":363,"column":41}},"158":{"start":{"line":365,"column":6},"end":{"line":380,"column":9}},"159":{"start":{"line":366,"column":23},"end":{"line":366,"column":91}},"160":{"start":{"line":367,"column":24},"end":{"line":367,"column":39}},"161":{"start":{"line":368,"column":8},"end":{"line":368,"column":102}},"162":{"start":{"line":368,"column":53},"end":{"line":368,"column":98}},"163":{"start":{"line":369,"column":8},"end":{"line":376,"column":11}},"164":{"start":{"line":370,"column":10},"end":{"line":375,"column":11}},"165":{"start":{"line":371,"column":12},"end":{"line":371,"column":48}},"166":{"start":{"line":372,"column":12},"end":{"line":372,"column":31}},"167":{"start":{"line":374,"column":12},"end":{"line":374,"column":60}},"168":{"start":{"line":377,"column":8},"end":{"line":379,"column":11}},"169":{"start":{"line":378,"column":10},"end":{"line":378,"column":57}},"170":{"start":{"line":383,"column":4},"end":{"line":383,"column":60}},"171":{"start":{"line":391,"column":0},"end":{"line":452,"column":3}},"172":{"start":{"line":391,"column":93},"end":{"line":452,"column":2}},"173":{"start":{"line":392,"column":2},"end":{"line":451,"column":3}},"174":{"start":{"line":394,"column":4},"end":{"line":396,"column":5}},"175":{"start":{"line":395,"column":6},"end":{"line":395,"column":45}},"176":{"start":{"line":399,"column":4},"end":{"line":401,"column":5}},"177":{"start":{"line":400,"column":6},"end":{"line":400,"column":79}},"178":{"start":{"line":404,"column":4},"end":{"line":406,"column":5}},"179":{"start":{"line":405,"column":6},"end":{"line":405,"column":44}},"180":{"start":{"line":407,"column":4},"end":{"line":409,"column":5}},"181":{"start":{"line":408,"column":6},"end":{"line":408,"column":47}},"182":{"start":{"line":410,"column":22},"end":{"line":410,"column":48}},"183":{"start":{"line":412,"column":23},"end":{"line":412,"column":45}},"184":{"start":{"line":413,"column":33},"end":{"line":420,"column":6}},"185":{"start":{"line":422,"column":23},"end":{"line":422,"column":30}},"186":{"start":{"line":423,"column":14},"end":{"line":423,"column":37}},"187":{"start":{"line":424,"column":4},"end":{"line":429,"column":5}},"188":{"start":{"line":425,"column":6},"end":{"line":428,"column":7}},"189":{"start":{"line":426,"column":8},"end":{"line":426,"column":38}},"190":{"start":{"line":427,"column":8},"end":{"line":427,"column":14}},"191":{"start":{"line":431,"column":69},"end":{"line":438,"column":6}},"192":{"start":{"line":440,"column":23},"end":{"line":440,"column":60}},"193":{"start":{"line":441,"column":26},"end":{"line":441,"column":119}},"194":{"start":{"line":441,"column":60},"end":{"line":441,"column":92}},"195":{"start":{"line":444,"column":26},"end":{"line":444,"column":36}},"196":{"start":{"line":445,"column":19},"end":{"line":445,"column":185}},"197":{"start":{"line":446,"column":19},"end":{"line":446,"column":62}},"198":{"start":{"line":448,"column":4},"end":{"line":448,"column":63}},"199":{"start":{"line":450,"column":4},"end":{"line":450,"column":96}},"200":{"start":{"line":458,"column":0},"end":{"line":540,"column":3}},"201":{"start":{"line":458,"column":61},"end":{"line":540,"column":2}},"202":{"start":{"line":459,"column":2},"end":{"line":539,"column":3}},"203":{"start":{"line":461,"column":4},"end":{"line":463,"column":5}},"204":{"start":{"line":462,"column":6},"end":{"line":462,"column":45}},"205":{"start":{"line":466,"column":4},"end":{"line":468,"column":5}},"206":{"start":{"line":467,"column":6},"end":{"line":467,"column":48}},"207":{"start":{"line":470,"column":4},"end":{"line":472,"column":5}},"208":{"start":{"line":471,"column":6},"end":{"line":471,"column":66}},"209":{"start":{"line":474,"column":4},"end":{"line":536,"column":7}},"210":{"start":{"line":475,"column":6},"end":{"line":535,"column":9}},"211":{"start":{"line":476,"column":20},"end":{"line":476,"column":21}},"212":{"start":{"line":477,"column":33},"end":{"line":477,"column":35}},"213":{"start":{"line":479,"column":8},"end":{"line":528,"column":11}},"214":{"start":{"line":480,"column":10},"end":{"line":483,"column":11}},"215":{"start":{"line":481,"column":12},"end":{"line":481,"column":66}},"216":{"start":{"line":482,"column":12},"end":{"line":482,"column":19}},"217":{"start":{"line":485,"column":32},"end":{"line":505,"column":12}},"218":{"start":{"line":507,"column":10},"end":{"line":527,"column":12}},"219":{"start":{"line":524,"column":14},"end":{"line":525,"column":64}},"220":{"start":{"line":524,"column":24},"end":{"line":524,"column":32}},"221":{"start":{"line":525,"column":19},"end":{"line":525,"column":64}},"222":{"start":{"line":531,"column":8},"end":{"line":534,"column":16}},"223":{"start":{"line":532,"column":10},"end":{"line":532,"column":28}},"224":{"start":{"line":533,"column":10},"end":{"line":533,"column":77}},"225":{"start":{"line":538,"column":4},"end":{"line":538,"column":62}}},"fnMap":{"0":{"name":"initializeApp","decl":{"start":{"line":28,"column":15},"end":{"line":28,"column":28}},"loc":{"start":{"line":28,"column":28},"end":{"line":56,"column":null}}},"1":{"name":"(anonymous_19)","decl":{"start":{"line":37,"column":36},"end":{"line":37,"column":37}},"loc":{"start":{"line":37,"column":58},"end":{"line":39,"column":3}}},"2":{"name":"(anonymous_20)","decl":{"start":{"line":45,"column":11},"end":{"line":45,"column":12}},"loc":{"start":{"line":45,"column":31},"end":{"line":45,"column":72}}},"3":{"name":"(anonymous_21)","decl":{"start":{"line":69,"column":2},"end":{"line":69,"column":22}},"loc":{"start":{"line":69,"column":75},"end":{"line":69,"column":79}}},"4":{"name":"(anonymous_22)","decl":{"start":{"line":71,"column":2},"end":{"line":71,"column":5}},"loc":{"start":{"line":71,"column":17},"end":{"line":79,"column":3}}},"5":{"name":"(anonymous_23)","decl":{"start":{"line":81,"column":2},"end":{"line":81,"column":5}},"loc":{"start":{"line":81,"column":26},"end":{"line":88,"column":3}}},"6":{"name":"(anonymous_24)","decl":{"start":{"line":84,"column":50},"end":{"line":84,"column":51}},"loc":{"start":{"line":84,"column":60},"end":{"line":84,"column":91}}},"7":{"name":"(anonymous_25)","decl":{"start":{"line":90,"column":2},"end":{"line":90,"column":7}},"loc":{"start":{"line":90,"column":7},"end":{"line":92,"column":3}}},"8":{"name":"(anonymous_26)","decl":{"start":{"line":105,"column":2},"end":{"line":105,"column":22}},"loc":{"start":{"line":105,"column":42},"end":{"line":105,"column":46}}},"9":{"name":"(anonymous_27)","decl":{"start":{"line":107,"column":2},"end":{"line":107,"column":7}},"loc":{"start":{"line":107,"column":18},"end":{"line":119,"column":3}}},"10":{"name":"(anonymous_28)","decl":{"start":{"line":110,"column":56},"end":{"line":110,"column":57}},"loc":{"start":{"line":110,"column":61},"end":{"line":110,"column":77}}},"11":{"name":"(anonymous_29)","decl":{"start":{"line":121,"column":2},"end":{"line":121,"column":7}},"loc":{"start":{"line":121,"column":18},"end":{"line":123,"column":3}}},"12":{"name":"validateLanguage","decl":{"start":{"line":143,"column":9},"end":{"line":143,"column":25}},"loc":{"start":{"line":143,"column":39},"end":{"line":148,"column":1}}},"13":{"name":"escapeXml","decl":{"start":{"line":150,"column":9},"end":{"line":150,"column":18}},"loc":{"start":{"line":150,"column":30},"end":{"line":157,"column":1}}},"14":{"name":"getAPIKey","decl":{"start":{"line":160,"column":9},"end":{"line":160,"column":18}},"loc":{"start":{"line":160,"column":18},"end":{"line":166,"column":1}}},"15":{"name":"getModel","decl":{"start":{"line":169,"column":9},"end":{"line":169,"column":17}},"loc":{"start":{"line":169,"column":17},"end":{"line":175,"column":1}}},"16":{"name":"createWindow","decl":{"start":{"line":178,"column":9},"end":{"line":178,"column":21}},"loc":{"start":{"line":178,"column":21},"end":{"line":197,"column":1}}},"17":{"name":"(anonymous_35)","decl":{"start":{"line":194,"column":26},"end":{"line":194,"column":29}},"loc":{"start":{"line":194,"column":31},"end":{"line":196,"column":3}}},"18":{"name":"(anonymous_36)","decl":{"start":{"line":199,"column":16},"end":{"line":199,"column":25}},"loc":{"start":{"line":199,"column":27},"end":{"line":202,"column":2}}},"19":{"name":"(anonymous_37)","decl":{"start":{"line":199,"column":27},"end":{"line":199,"column":null}},"loc":{"start":{"line":199,"column":27},"end":{"line":202,"column":1}}},"20":{"name":"(anonymous_38)","decl":{"start":{"line":204,"column":28},"end":{"line":204,"column":31}},"loc":{"start":{"line":204,"column":33},"end":{"line":213,"column":1}}},"21":{"name":"(anonymous_39)","decl":{"start":{"line":207,"column":15},"end":{"line":207,"column":16}},"loc":{"start":{"line":207,"column":28},"end":{"line":209,"column":7}}},"22":{"name":"(anonymous_40)","decl":{"start":{"line":219,"column":28},"end":{"line":219,"column":35}},"loc":{"start":{"line":219,"column":63},"end":{"line":254,"column":2}}},"23":{"name":"(anonymous_41)","decl":{"start":{"line":219,"column":63},"end":{"line":219,"column":null}},"loc":{"start":{"line":219,"column":63},"end":{"line":254,"column":1}}},"24":{"name":"(anonymous_42)","decl":{"start":{"line":236,"column":23},"end":{"line":236,"column":24}},"loc":{"start":{"line":236,"column":43},"end":{"line":250,"column":5}}},"25":{"name":"(anonymous_43)","decl":{"start":{"line":240,"column":8},"end":{"line":240,"column":9}},"loc":{"start":{"line":240,"column":34},"end":{"line":248,"column":9}}},"26":{"name":"(anonymous_44)","decl":{"start":{"line":260,"column":27},"end":{"line":260,"column":34}},"loc":{"start":{"line":260,"column":68},"end":{"line":385,"column":2}}},"27":{"name":"(anonymous_45)","decl":{"start":{"line":260,"column":68},"end":{"line":260,"column":null}},"loc":{"start":{"line":260,"column":64},"end":{"line":385,"column":1}}},"28":{"name":"(anonymous_46)","decl":{"start":{"line":365,"column":25},"end":{"line":365,"column":26}},"loc":{"start":{"line":365,"column":45},"end":{"line":380,"column":7}}},"29":{"name":"(anonymous_47)","decl":{"start":{"line":368,"column":33},"end":{"line":368,"column":34}},"loc":{"start":{"line":368,"column":50},"end":{"line":368,"column":100}}},"30":{"name":"(anonymous_48)","decl":{"start":{"line":369,"column":27},"end":{"line":369,"column":28}},"loc":{"start":{"line":369,"column":44},"end":{"line":376,"column":9}}},"31":{"name":"(anonymous_49)","decl":{"start":{"line":377,"column":27},"end":{"line":377,"column":28}},"loc":{"start":{"line":377,"column":42},"end":{"line":379,"column":9}}},"32":{"name":"(anonymous_50)","decl":{"start":{"line":391,"column":33},"end":{"line":391,"column":40}},"loc":{"start":{"line":391,"column":93},"end":{"line":452,"column":2}}},"33":{"name":"(anonymous_51)","decl":{"start":{"line":391,"column":93},"end":{"line":391,"column":null}},"loc":{"start":{"line":391,"column":89},"end":{"line":452,"column":1}}},"34":{"name":"(anonymous_52)","decl":{"start":{"line":441,"column":48},"end":{"line":441,"column":49}},"loc":{"start":{"line":441,"column":59},"end":{"line":441,"column":92}}},"35":{"name":"(anonymous_53)","decl":{"start":{"line":458,"column":29},"end":{"line":458,"column":36}},"loc":{"start":{"line":458,"column":61},"end":{"line":540,"column":2}}},"36":{"name":"(anonymous_54)","decl":{"start":{"line":458,"column":61},"end":{"line":458,"column":null}},"loc":{"start":{"line":458,"column":61},"end":{"line":540,"column":1}}},"37":{"name":"(anonymous_55)","decl":{"start":{"line":474,"column":23},"end":{"line":474,"column":24}},"loc":{"start":{"line":474,"column":43},"end":{"line":536,"column":5}}},"38":{"name":"(anonymous_56)","decl":{"start":{"line":475,"column":19},"end":{"line":475,"column":22}},"loc":{"start":{"line":475,"column":24},"end":{"line":535,"column":7}}},"39":{"name":"(anonymous_57)","decl":{"start":{"line":479,"column":22},"end":{"line":479,"column":23}},"loc":{"start":{"line":479,"column":51},"end":{"line":528,"column":9}}},"40":{"name":"(anonymous_58)","decl":{"start":{"line":523,"column":12},"end":{"line":523,"column":13}},"loc":{"start":{"line":523,"column":25},"end":{"line":526,"column":13}}},"41":{"name":"(anonymous_59)","decl":{"start":{"line":531,"column":19},"end":{"line":531,"column":22}},"loc":{"start":{"line":531,"column":24},"end":{"line":534,"column":9}}}},"branchMap":{"0":{"loc":{"start":{"line":31,"column":2},"end":{"line":33,"column":3}},"type":"if","locations":[{"start":{"line":31,"column":2},"end":{"line":33,"column":3}}]},"1":{"loc":{"start":{"line":38,"column":4},"end":{"line":38,"column":56}},"type":"if","locations":[{"start":{"line":38,"column":4},"end":{"line":38,"column":56}}]},"2":{"loc":{"start":{"line":45,"column":31},"end":{"line":45,"column":72}},"type":"binary-expr","locations":[{"start":{"line":45,"column":31},"end":{"line":45,"column":52}},{"start":{"line":45,"column":56},"end":{"line":45,"column":72}}]},"3":{"loc":{"start":{"line":47,"column":2},"end":{"line":49,"column":3}},"type":"if","locations":[{"start":{"line":47,"column":2},"end":{"line":49,"column":3}}]},"4":{"loc":{"start":{"line":69,"column":22},"end":{"line":69,"column":43}},"type":"default-arg","locations":[{"start":{"line":69,"column":40},"end":{"line":69,"column":43}}]},"5":{"loc":{"start":{"line":69,"column":53},"end":{"line":69,"column":75}},"type":"default-arg","locations":[{"start":{"line":69,"column":69},"end":{"line":69,"column":75}}]},"6":{"loc":{"start":{"line":73,"column":4},"end":{"line":73,"column":28}},"type":"if","locations":[{"start":{"line":73,"column":4},"end":{"line":73,"column":28}}]},"7":{"loc":{"start":{"line":74,"column":4},"end":{"line":77,"column":5}},"type":"if","locations":[{"start":{"line":74,"column":4},"end":{"line":77,"column":5}}]},"8":{"loc":{"start":{"line":83,"column":4},"end":{"line":86,"column":5}},"type":"if","locations":[{"start":{"line":83,"column":4},"end":{"line":86,"column":5}}]},"9":{"loc":{"start":{"line":110,"column":19},"end":{"line":110,"column":47}},"type":"binary-expr","locations":[{"start":{"line":110,"column":19},"end":{"line":110,"column":41}},{"start":{"line":110,"column":45},"end":{"line":110,"column":47}}]},"10":{"loc":{"start":{"line":112,"column":4},"end":{"line":114,"column":5}},"type":"if","locations":[{"start":{"line":112,"column":4},"end":{"line":114,"column":5}}]},"11":{"loc":{"start":{"line":144,"column":2},"end":{"line":146,"column":3}},"type":"if","locations":[{"start":{"line":144,"column":2},"end":{"line":146,"column":3}}]},"12":{"loc":{"start":{"line":144,"column":6},"end":{"line":144,"column":65}},"type":"binary-expr","locations":[{"start":{"line":144,"column":6},"end":{"line":144,"column":30}},{"start":{"line":144,"column":34},"end":{"line":144,"column":65}}]},"13":{"loc":{"start":{"line":162,"column":2},"end":{"line":164,"column":3}},"type":"if","locations":[{"start":{"line":162,"column":2},"end":{"line":164,"column":3}}]},"14":{"loc":{"start":{"line":162,"column":6},"end":{"line":162,"column":29}},"type":"binary-expr","locations":[{"start":{"line":162,"column":6},"end":{"line":162,"column":10}},{"start":{"line":162,"column":14},"end":{"line":162,"column":29}}]},"15":{"loc":{"start":{"line":170,"column":2},"end":{"line":173,"column":3}},"type":"if","locations":[{"start":{"line":170,"column":2},"end":{"line":173,"column":3}}]},"16":{"loc":{"start":{"line":205,"column":2},"end":{"line":212,"column":3}},"type":"if","locations":[{"start":{"line":205,"column":2},"end":{"line":212,"column":3}}]},"17":{"loc":{"start":{"line":206,"column":4},"end":{"line":210,"column":5}},"type":"if","locations":[{"start":{"line":206,"column":4},"end":{"line":210,"column":5}}]},"18":{"loc":{"start":{"line":208,"column":8},"end":{"line":208,"column":55}},"type":"if","locations":[{"start":{"line":208,"column":8},"end":{"line":208,"column":55}}]},"19":{"loc":{"start":{"line":222,"column":4},"end":{"line":224,"column":5}},"type":"if","locations":[{"start":{"line":222,"column":4},"end":{"line":224,"column":5}}]},"20":{"loc":{"start":{"line":231,"column":4},"end":{"line":233,"column":5}},"type":"if","locations":[{"start":{"line":231,"column":4},"end":{"line":233,"column":5}}]},"21":{"loc":{"start":{"line":241,"column":10},"end":{"line":244,"column":11}},"type":"if","locations":[{"start":{"line":241,"column":10},"end":{"line":244,"column":11}}]},"22":{"loc":{"start":{"line":245,"column":25},"end":{"line":245,"column":35}},"type":"binary-expr","locations":[{"start":{"line":245,"column":25},"end":{"line":245,"column":29}},{"start":{"line":245,"column":33},"end":{"line":245,"column":35}}]},"23":{"loc":{"start":{"line":252,"column":20},"end":{"line":252,"column":59}},"type":"binary-expr","locations":[{"start":{"line":252,"column":20},"end":{"line":252,"column":34}},{"start":{"line":252,"column":38},"end":{"line":252,"column":59}}]},"24":{"loc":{"start":{"line":252,"column":20},"end":{"line":252,"column":34}},"type":"cond-expr","locations":[{"start":{"line":252,"column":25},"end":{"line":252,"column":27}},{"start":{"line":252,"column":20},"end":{"line":252,"column":34}}]},"25":{"loc":{"start":{"line":252,"column":20},"end":{"line":252,"column":27}},"type":"binary-expr","locations":[{"start":{"line":252,"column":20},"end":{"line":252,"column":27}},{"start":{"line":252,"column":20},"end":{"line":252,"column":27}}]},"26":{"loc":{"start":{"line":263,"column":4},"end":{"line":265,"column":5}},"type":"if","locations":[{"start":{"line":263,"column":4},"end":{"line":265,"column":5}}]},"27":{"loc":{"start":{"line":268,"column":4},"end":{"line":270,"column":5}},"type":"if","locations":[{"start":{"line":268,"column":4},"end":{"line":270,"column":5}}]},"28":{"loc":{"start":{"line":273,"column":4},"end":{"line":275,"column":5}},"type":"if","locations":[{"start":{"line":273,"column":4},"end":{"line":275,"column":5}}]},"29":{"loc":{"start":{"line":273,"column":8},"end":{"line":273,"column":74}},"type":"binary-expr","locations":[{"start":{"line":273,"column":8},"end":{"line":273,"column":32}},{"start":{"line":273,"column":36},"end":{"line":273,"column":53}},{"start":{"line":273,"column":57},"end":{"line":273,"column":74}}]},"30":{"loc":{"start":{"line":281,"column":4},"end":{"line":283,"column":5}},"type":"if","locations":[{"start":{"line":281,"column":4},"end":{"line":283,"column":5}}]},"31":{"loc":{"start":{"line":311,"column":26},"end":{"line":311,"column":110}},"type":"binary-expr","locations":[{"start":{"line":311,"column":26},"end":{"line":311,"column":56}},{"start":{"line":311,"column":60},"end":{"line":311,"column":110}}]},"32":{"loc":{"start":{"line":315,"column":18},"end":{"line":315,"column":112}},"type":"binary-expr","locations":[{"start":{"line":315,"column":19},"end":{"line":315,"column":39}},{"start":{"line":315,"column":43},"end":{"line":315,"column":61}},{"start":{"line":315,"column":66},"end":{"line":315,"column":77}},{"start":{"line":315,"column":81},"end":{"line":315,"column":112}}]},"33":{"loc":{"start":{"line":320,"column":6},"end":{"line":326,"column":7}},"type":"if","locations":[{"start":{"line":320,"column":6},"end":{"line":326,"column":7}},{"start":{"line":324,"column":13},"end":{"line":326,"column":7}}]},"34":{"loc":{"start":{"line":353,"column":6},"end":{"line":361,"column":60}},"type":"if","locations":[{"start":{"line":353,"column":6},"end":{"line":361,"column":60}},{"start":{"line":354,"column":11},"end":{"line":361,"column":60}}]},"35":{"loc":{"start":{"line":353,"column":10},"end":{"line":353,"column":63}},"type":"binary-expr","locations":[{"start":{"line":353,"column":10},"end":{"line":353,"column":31}},{"start":{"line":353,"column":35},"end":{"line":353,"column":63}}]},"36":{"loc":{"start":{"line":354,"column":11},"end":{"line":361,"column":60}},"type":"if","locations":[{"start":{"line":354,"column":11},"end":{"line":361,"column":60}},{"start":{"line":355,"column":11},"end":{"line":361,"column":60}}]},"37":{"loc":{"start":{"line":355,"column":11},"end":{"line":361,"column":60}},"type":"if","locations":[{"start":{"line":355,"column":11},"end":{"line":361,"column":60}},{"start":{"line":356,"column":11},"end":{"line":361,"column":60}}]},"38":{"loc":{"start":{"line":356,"column":11},"end":{"line":361,"column":60}},"type":"if","locations":[{"start":{"line":356,"column":11},"end":{"line":361,"column":60}},{"start":{"line":357,"column":11},"end":{"line":361,"column":60}}]},"39":{"loc":{"start":{"line":357,"column":11},"end":{"line":361,"column":60}},"type":"if","locations":[{"start":{"line":357,"column":11},"end":{"line":361,"column":60}},{"start":{"line":358,"column":11},"end":{"line":361,"column":60}}]},"40":{"loc":{"start":{"line":358,"column":11},"end":{"line":361,"column":60}},"type":"if","locations":[{"start":{"line":358,"column":11},"end":{"line":361,"column":60}},{"start":{"line":359,"column":11},"end":{"line":361,"column":60}}]},"41":{"loc":{"start":{"line":359,"column":11},"end":{"line":361,"column":60}},"type":"if","locations":[{"start":{"line":359,"column":11},"end":{"line":361,"column":60}},{"start":{"line":360,"column":11},"end":{"line":361,"column":60}}]},"42":{"loc":{"start":{"line":360,"column":11},"end":{"line":361,"column":60}},"type":"if","locations":[{"start":{"line":360,"column":11},"end":{"line":361,"column":60}},{"start":{"line":361,"column":11},"end":{"line":361,"column":60}}]},"43":{"loc":{"start":{"line":361,"column":11},"end":{"line":361,"column":60}},"type":"if","locations":[{"start":{"line":361,"column":11},"end":{"line":361,"column":60}}]},"44":{"loc":{"start":{"line":370,"column":10},"end":{"line":375,"column":11}},"type":"if","locations":[{"start":{"line":370,"column":10},"end":{"line":375,"column":11}},{"start":{"line":373,"column":17},"end":{"line":375,"column":11}}]},"45":{"loc":{"start":{"line":383,"column":20},"end":{"line":383,"column":58}},"type":"binary-expr","locations":[{"start":{"line":383,"column":20},"end":{"line":383,"column":34}},{"start":{"line":383,"column":38},"end":{"line":383,"column":58}}]},"46":{"loc":{"start":{"line":383,"column":20},"end":{"line":383,"column":34}},"type":"cond-expr","locations":[{"start":{"line":383,"column":25},"end":{"line":383,"column":27}},{"start":{"line":383,"column":20},"end":{"line":383,"column":34}}]},"47":{"loc":{"start":{"line":383,"column":20},"end":{"line":383,"column":27}},"type":"binary-expr","locations":[{"start":{"line":383,"column":20},"end":{"line":383,"column":27}},{"start":{"line":383,"column":20},"end":{"line":383,"column":27}}]},"48":{"loc":{"start":{"line":394,"column":4},"end":{"line":396,"column":5}},"type":"if","locations":[{"start":{"line":394,"column":4},"end":{"line":396,"column":5}}]},"49":{"loc":{"start":{"line":399,"column":4},"end":{"line":401,"column":5}},"type":"if","locations":[{"start":{"line":399,"column":4},"end":{"line":401,"column":5}}]},"50":{"loc":{"start":{"line":404,"column":4},"end":{"line":406,"column":5}},"type":"if","locations":[{"start":{"line":404,"column":4},"end":{"line":406,"column":5}}]},"51":{"loc":{"start":{"line":407,"column":4},"end":{"line":409,"column":5}},"type":"if","locations":[{"start":{"line":407,"column":4},"end":{"line":409,"column":5}}]},"52":{"loc":{"start":{"line":407,"column":8},"end":{"line":407,"column":69}},"type":"binary-expr","locations":[{"start":{"line":407,"column":8},"end":{"line":407,"column":40}},{"start":{"line":407,"column":44},"end":{"line":407,"column":69}}]},"53":{"loc":{"start":{"line":425,"column":6},"end":{"line":428,"column":7}},"type":"if","locations":[{"start":{"line":425,"column":6},"end":{"line":428,"column":7}}]},"54":{"loc":{"start":{"line":441,"column":26},"end":{"line":441,"column":119}},"type":"binary-expr","locations":[{"start":{"line":441,"column":26},"end":{"line":441,"column":102}},{"start":{"line":441,"column":106},"end":{"line":441,"column":119}}]},"55":{"loc":{"start":{"line":441,"column":26},"end":{"line":441,"column":102}},"type":"cond-expr","locations":[{"start":{"line":441,"column":42},"end":{"line":441,"column":44}},{"start":{"line":441,"column":42},"end":{"line":441,"column":102}}]},"56":{"loc":{"start":{"line":441,"column":26},"end":{"line":441,"column":44}},"type":"binary-expr","locations":[{"start":{"line":441,"column":26},"end":{"line":441,"column":44}},{"start":{"line":441,"column":42},"end":{"line":441,"column":44}}]},"57":{"loc":{"start":{"line":441,"column":60},"end":{"line":441,"column":90}},"type":"cond-expr","locations":[{"start":{"line":441,"column":74},"end":{"line":441,"column":77}},{"start":{"line":441,"column":74},"end":{"line":441,"column":90}}]},"58":{"loc":{"start":{"line":441,"column":60},"end":{"line":441,"column":77}},"type":"binary-expr","locations":[{"start":{"line":441,"column":60},"end":{"line":441,"column":77}},{"start":{"line":441,"column":74},"end":{"line":441,"column":77}}]},"59":{"loc":{"start":{"line":461,"column":4},"end":{"line":463,"column":5}},"type":"if","locations":[{"start":{"line":461,"column":4},"end":{"line":463,"column":5}}]},"60":{"loc":{"start":{"line":466,"column":4},"end":{"line":468,"column":5}},"type":"if","locations":[{"start":{"line":466,"column":4},"end":{"line":468,"column":5}}]},"61":{"loc":{"start":{"line":470,"column":4},"end":{"line":472,"column":5}},"type":"if","locations":[{"start":{"line":470,"column":4},"end":{"line":472,"column":5}}]},"62":{"loc":{"start":{"line":470,"column":8},"end":{"line":470,"column":49}},"type":"binary-expr","locations":[{"start":{"line":470,"column":8},"end":{"line":470,"column":26}},{"start":{"line":470,"column":30},"end":{"line":470,"column":49}}]},"63":{"loc":{"start":{"line":480,"column":10},"end":{"line":483,"column":11}},"type":"if","locations":[{"start":{"line":480,"column":10},"end":{"line":483,"column":11}}]},"64":{"loc":{"start":{"line":480,"column":14},"end":{"line":480,"column":44}},"type":"binary-expr","locations":[{"start":{"line":480,"column":14},"end":{"line":480,"column":28}},{"start":{"line":480,"column":32},"end":{"line":480,"column":44}}]},"65":{"loc":{"start":{"line":488,"column":18},"end":{"line":488,"column":42}},"type":"binary-expr","locations":[{"start":{"line":488,"column":18},"end":{"line":488,"column":27}},{"start":{"line":488,"column":31},"end":{"line":488,"column":42}}]},"66":{"loc":{"start":{"line":489,"column":21},"end":{"line":489,"column":41}},"type":"binary-expr","locations":[{"start":{"line":489,"column":21},"end":{"line":489,"column":33}},{"start":{"line":489,"column":37},"end":{"line":489,"column":41}}]},"67":{"loc":{"start":{"line":490,"column":19},"end":{"line":490,"column":37}},"type":"binary-expr","locations":[{"start":{"line":490,"column":19},"end":{"line":490,"column":29}},{"start":{"line":490,"column":33},"end":{"line":490,"column":37}}]},"68":{"loc":{"start":{"line":491,"column":20},"end":{"line":491,"column":39}},"type":"binary-expr","locations":[{"start":{"line":491,"column":20},"end":{"line":491,"column":31}},{"start":{"line":491,"column":35},"end":{"line":491,"column":39}}]},"69":{"loc":{"start":{"line":492,"column":20},"end":{"line":492,"column":39}},"type":"binary-expr","locations":[{"start":{"line":492,"column":20},"end":{"line":492,"column":31}},{"start":{"line":492,"column":35},"end":{"line":492,"column":39}}]},"70":{"loc":{"start":{"line":493,"column":22},"end":{"line":493,"column":43}},"type":"binary-expr","locations":[{"start":{"line":493,"column":22},"end":{"line":493,"column":35}},{"start":{"line":493,"column":39},"end":{"line":493,"column":43}}]},"71":{"loc":{"start":{"line":494,"column":25},"end":{"line":494,"column":49}},"type":"binary-expr","locations":[{"start":{"line":494,"column":25},"end":{"line":494,"column":41}},{"start":{"line":494,"column":45},"end":{"line":494,"column":49}}]},"72":{"loc":{"start":{"line":495,"column":32},"end":{"line":495,"column":54}},"type":"binary-expr","locations":[{"start":{"line":495,"column":32},"end":{"line":495,"column":48}},{"start":{"line":495,"column":52},"end":{"line":495,"column":54}}]},"73":{"loc":{"start":{"line":496,"column":33},"end":{"line":496,"column":56}},"type":"binary-expr","locations":[{"start":{"line":496,"column":33},"end":{"line":496,"column":50}},{"start":{"line":496,"column":54},"end":{"line":496,"column":56}}]},"74":{"loc":{"start":{"line":497,"column":40},"end":{"line":497,"column":70}},"type":"binary-expr","locations":[{"start":{"line":497,"column":40},"end":{"line":497,"column":64}},{"start":{"line":497,"column":68},"end":{"line":497,"column":70}}]},"75":{"loc":{"start":{"line":498,"column":32},"end":{"line":498,"column":54}},"type":"binary-expr","locations":[{"start":{"line":498,"column":32},"end":{"line":498,"column":48}},{"start":{"line":498,"column":52},"end":{"line":498,"column":54}}]},"76":{"loc":{"start":{"line":499,"column":34},"end":{"line":499,"column":58}},"type":"binary-expr","locations":[{"start":{"line":499,"column":34},"end":{"line":499,"column":52}},{"start":{"line":499,"column":56},"end":{"line":499,"column":58}}]},"77":{"loc":{"start":{"line":500,"column":41},"end":{"line":500,"column":72}},"type":"binary-expr","locations":[{"start":{"line":500,"column":41},"end":{"line":500,"column":66}},{"start":{"line":500,"column":70},"end":{"line":500,"column":72}}]},"78":{"loc":{"start":{"line":501,"column":33},"end":{"line":501,"column":56}},"type":"binary-expr","locations":[{"start":{"line":501,"column":33},"end":{"line":501,"column":50}},{"start":{"line":501,"column":54},"end":{"line":501,"column":56}}]},"79":{"loc":{"start":{"line":502,"column":34},"end":{"line":502,"column":58}},"type":"binary-expr","locations":[{"start":{"line":502,"column":34},"end":{"line":502,"column":52}},{"start":{"line":502,"column":56},"end":{"line":502,"column":58}}]},"80":{"loc":{"start":{"line":503,"column":41},"end":{"line":503,"column":72}},"type":"binary-expr","locations":[{"start":{"line":503,"column":41},"end":{"line":503,"column":66}},{"start":{"line":503,"column":70},"end":{"line":503,"column":72}}]},"81":{"loc":{"start":{"line":504,"column":33},"end":{"line":504,"column":56}},"type":"binary-expr","locations":[{"start":{"line":504,"column":33},"end":{"line":504,"column":50}},{"start":{"line":504,"column":54},"end":{"line":504,"column":56}}]},"82":{"loc":{"start":{"line":524,"column":14},"end":{"line":525,"column":64}},"type":"if","locations":[{"start":{"line":524,"column":14},"end":{"line":525,"column":64}},{"start":{"line":525,"column":19},"end":{"line":525,"column":64}}]},"83":{"loc":{"start":{"line":533,"column":35},"end":{"line":533,"column":73}},"type":"cond-expr","locations":[{"start":{"line":533,"column":55},"end":{"line":533,"column":61}},{"start":{"line":533,"column":64},"end":{"line":533,"column":73}}]},"84":{"loc":{"start":{"line":538,"column":20},"end":{"line":538,"column":60}},"type":"binary-expr","locations":[{"start":{"line":538,"column":20},"end":{"line":538,"column":34}},{"start":{"line":538,"column":38},"end":{"line":538,"column":60}}]},"85":{"loc":{"start":{"line":538,"column":20},"end":{"line":538,"column":34}},"type":"cond-expr","locations":[{"start":{"line":538,"column":25},"end":{"line":538,"column":27}},{"start":{"line":538,"column":20},"end":{"line":538,"column":34}}]},"86":{"loc":{"start":{"line":538,"column":20},"end":{"line":538,"column":27}},"type":"binary-expr","locations":[{"start":{"line":538,"column":20},"end":{"line":538,"column":27}},{"start":{"line":538,"column":20},"end":{"line":538,"column":27}}]}},"s":{"0":0,"1":0,"2":0,"3":0,"4":0,"5":0,"6":0,"7":0,"8":0,"9":0,"10":0,"11":0,"12":0,"13":0,"14":0,"15":0,"16":0,"17":0,"18":0,"19":0,"20":0,"21":0,"22":0,"23":0,"24":0,"25":0,"26":0,"27":0,"28":0,"29":0,"30":0,"31":0,"32":0,"33":0,"34":0,"35":0,"36":0,"37":0,"38":0,"39":0,"40":0,"41":0,"42":0,"43":0,"44":0,"45":0,"46":0,"47":0,"48":0,"49":0,"50":0,"51":0,"52":0,"53":0,"54":0,"55":0,"56":0,"57":0,"58":0,"59":0,"60":0,"61":0,"62":0,"63":0,"64":0,"65":0,"66":0,"67":0,"68":0,"69":0,"70":0,"71":0,"72":0,"73":0,"74":0,"75":0,"76":0,"77":0,"78":0,"79":0,"80":0,"81":0,"82":0,"83":0,"84":0,"85":0,"86":0,"87":0,"88":0,"89":0,"90":0,"91":0,"92":0,"93":0,"94":0,"95":0,"96":0,"97":0,"98":0,"99":0,"100":0,"101":0,"102":0,"103":0,"104":0,"105":0,"106":0,"107":0,"108":0,"109":0,"110":0,"111":0,"112":0,"113":0,"114":0,"115":0,"116":0,"117":0,"118":0,"119":0,"120":0,"121":0,"122":0,"123":0,"124":0,"125":0,"126":0,"127":0,"128":0,"129":0,"130":0,"131":0,"132":0,"133":0,"134":0,"135":0,"136":0,"137":0,"138":0,"139":0,"140":0,"141":0,"142":0,"143":0,"144":0,"145":0,"146":0,"147":0,"148":0,"149":0,"150":0,"151":0,"152":0,"153":0,"154":0,"155":0,"156":0,"157":0,"158":0,"159":0,"160":0,"161":0,"162":0,"163":0,"164":0,"165":0,"166":0,"167":0,"168":0,"169":0,"170":0,"171":0,"172":0,"173":0,"174":0,"175":0,"176":0,"177":0,"178":0,"179":0,"180":0,"181":0,"182":0,"183":0,"184":0,"185":0,"186":0,"187":0,"188":0,"189":0,"190":0,"191":0,"192":0,"193":0,"194":0,"195":0,"196":0,"197":0,"198":0,"199":0,"200":0,"201":0,"202":0,"203":0,"204":0,"205":0,"206":0,"207":0,"208":0,"209":0,"210":0,"211":0,"212":0,"213":0,"214":0,"215":0,"216":0,"217":0,"218":0,"219":0,"220":0,"221":0,"222":0,"223":0,"224":0,"225":0},"f":{"0":0,"1":0,"2":0,"3":0,"4":0,"5":0,"6":0,"7":0,"8":0,"9":0,"10":0,"11":0,"12":0,"13":0,"14":0,"15":0,"16":0,"17":0,"18":0,"19":0,"20":0,"21":0,"22":0,"23":0,"24":0,"25":0,"26":0,"27":0,"28":0,"29":0,"30":0,"31":0,"32":0,"33":0,"34":0,"35":0,"36":0,"37":0,"38":0,"39":0,"40":0,"41":0},"b":{"0":[0],"1":[0],"2":[0,0],"3":[0],"4":[0],"5":[0],"6":[0],"7":[0],"8":[0],"9":[0,0],"10":[0],"11":[0],"12":[0,0],"13":[0],"14":[0,0],"15":[0],"16":[0],"17":[0],"18":[0],"19":[0],"20":[0],"21":[0],"22":[0,0],"23":[0,0],"24":[0,0],"25":[0,0],"26":[0],"27":[0],"28":[0],"29":[0,0,0],"30":[0],"31":[0,0],"32":[0,0,0,0],"33":[0,0],"34":[0,0],"35":[0,0],"36":[0,0],"37":[0,0],"38":[0,0],"39":[0,0],"40":[0,0],"41":[0,0],"42":[0,0],"43":[0],"44":[0,0],"45":[0,0],"46":[0,0],"47":[0,0],"48":[0],"49":[0],"50":[0],"51":[0],"52":[0,0],"53":[0],"54":[0,0],"55":[0,0],"56":[0,0],"57":[0,0],"58":[0,0],"59":[0],"60":[0],"61":[0],"62":[0,0],"63":[0],"64":[0,0],"65":[0,0],"66":[0,0],"67":[0,0],"68":[0,0],"69":[0,0],"70":[0,0],"71":[0,0],"72":[0,0],"73":[0,0],"74":[0,0],"75":[0,0],"76":[0,0],"77":[0,0],"78":[0,0],"79":[0,0],"80":[0,0],"81":[0,0],"82":[0,0],"83":[0,0],"84":[0,0],"85":[0,0],"86":[0,0]}}
,"/home/chris/fonetik/electron/preload.ts": {"path":"/home/chris/fonetik/electron/preload.ts","statementMap":{"0":{"start":{"line":1,"column":0},"end":{"line":1,"column":54}},"1":{"start":{"line":3,"column":0},"end":{"line":8,"column":3}},"2":{"start":{"line":4,"column":34},"end":{"line":4,"column":75}},"3":{"start":{"line":5,"column":47},"end":{"line":5,"column":97}},"4":{"start":{"line":6,"column":31},"end":{"line":6,"column":70}},"5":{"start":{"line":7,"column":78},"end":{"line":7,"column":153}}},"fnMap":{"0":{"name":"(anonymous_0)","decl":{"start":{"line":4,"column":12},"end":{"line":4,"column":13}},"loc":{"start":{"line":4,"column":34},"end":{"line":4,"column":75}}},"1":{"name":"(anonymous_1)","decl":{"start":{"line":5,"column":11},"end":{"line":5,"column":12}},"loc":{"start":{"line":5,"column":47},"end":{"line":5,"column":97}}},"2":{"name":"(anonymous_2)","decl":{"start":{"line":6,"column":13},"end":{"line":6,"column":14}},"loc":{"start":{"line":6,"column":31},"end":{"line":6,"column":70}}},"3":{"name":"(anonymous_3)","decl":{"start":{"line":7,"column":17},"end":{"line":7,"column":18}},"loc":{"start":{"line":7,"column":78},"end":{"line":7,"column":153}}}},"branchMap":{},"s":{"0":0,"1":0,"2":0,"3":0,"4":0,"5":0},"f":{"0":0,"1":0,"2":0,"3":0},"b":{}}
,"/home/chris/fonetik/scripts/generateComprehensiveData.js": {"path":"/home/chris/fonetik/scripts/generateComprehensiveData.js","statementMap":{"0":{"start":{"line":12,"column":15},"end":{"line":12,"column":50}},"1":{"start":{"line":13,"column":11},"end":{"line":18,"column":2}},"2":{"start":{"line":14,"column":2},"end":{"line":17,"column":3}},"3":{"start":{"line":15,"column":4},"end":{"line":15,"column":52}},"4":{"start":{"line":16,"column":4},"end":{"line":16,"column":20}},"5":{"start":{"line":20,"column":17},"end":{"line":20,"column":56}},"6":{"start":{"line":21,"column":14},"end":{"line":21,"column":16}},"7":{"start":{"line":23,"column":0},"end":{"line":28,"column":1}},"8":{"start":{"line":24,"column":2},"end":{"line":24,"column":53}},"9":{"start":{"line":26,"column":2},"end":{"line":26,"column":57}},"10":{"start":{"line":27,"column":2},"end":{"line":27,"column":18}},"11":{"start":{"line":30,"column":14},"end":{"line":30,"column":45}},"12":{"start":{"line":31,"column":14},"end":{"line":31,"column":69}},"13":{"start":{"line":34,"column":25},"end":{"line":38,"column":1}},"14":{"start":{"line":41,"column":2},"end":{"line":41,"column":57}},"15":{"start":{"line":41,"column":32},"end":{"line":41,"column":55}},"16":{"start":{"line":48,"column":2},"end":{"line":79,"column":5}},"17":{"start":{"line":49,"column":4},"end":{"line":78,"column":7}},"18":{"start":{"line":50,"column":6},"end":{"line":77,"column":9}},"19":{"start":{"line":75,"column":8},"end":{"line":76,"column":23}},"20":{"start":{"line":75,"column":17},"end":{"line":75,"column":29}},"21":{"start":{"line":76,"column":13},"end":{"line":76,"column":23}},"22":{"start":{"line":86,"column":30},"end":{"line":109,"column":3}},"23":{"start":{"line":111,"column":22},"end":{"line":111,"column":56}},"24":{"start":{"line":113,"column":17},"end":{"line":152,"column":3}},"25":{"start":{"line":154,"column":2},"end":{"line":154,"column":70}},"26":{"start":{"line":155,"column":16},"end":{"line":155,"column":17}},"27":{"start":{"line":156,"column":2},"end":{"line":178,"column":3}},"28":{"start":{"line":157,"column":4},"end":{"line":177,"column":5}},"29":{"start":{"line":158,"column":21},"end":{"line":158,"column":56}},"30":{"start":{"line":159,"column":19},"end":{"line":159,"column":41}},"31":{"start":{"line":162,"column":22},"end":{"line":162,"column":47}},"32":{"start":{"line":163,"column":6},"end":{"line":168,"column":7}},"33":{"start":{"line":164,"column":8},"end":{"line":164,"column":55}},"34":{"start":{"line":165,"column":8},"end":{"line":165,"column":26}},"35":{"start":{"line":166,"column":8},"end":{"line":166,"column":18}},"36":{"start":{"line":167,"column":8},"end":{"line":167,"column":17}},"37":{"start":{"line":170,"column":20},"end":{"line":170,"column":44}},"38":{"start":{"line":171,"column":6},"end":{"line":171,"column":70}},"39":{"start":{"line":172,"column":6},"end":{"line":172,"column":19}},"40":{"start":{"line":174,"column":6},"end":{"line":174,"column":47}},"41":{"start":{"line":175,"column":6},"end":{"line":175,"column":24}},"42":{"start":{"line":176,"column":6},"end":{"line":176,"column":16}},"43":{"start":{"line":179,"column":2},"end":{"line":179,"column":12}},"44":{"start":{"line":186,"column":2},"end":{"line":240,"column":5}},"45":{"start":{"line":187,"column":4},"end":{"line":239,"column":7}},"46":{"start":{"line":188,"column":6},"end":{"line":191,"column":7}},"47":{"start":{"line":189,"column":8},"end":{"line":189,"column":20}},"48":{"start":{"line":190,"column":8},"end":{"line":190,"column":15}},"49":{"start":{"line":193,"column":21},"end":{"line":193,"column":22}},"50":{"start":{"line":194,"column":22},"end":{"line":194,"column":23}},"51":{"start":{"line":196,"column":6},"end":{"line":199,"column":7}},"52":{"start":{"line":197,"column":8},"end":{"line":197,"column":19}},"53":{"start":{"line":198,"column":8},"end":{"line":198,"column":15}},"54":{"start":{"line":201,"column":6},"end":{"line":238,"column":9}},"55":{"start":{"line":202,"column":8},"end":{"line":237,"column":10}},"56":{"start":{"line":231,"column":12},"end":{"line":231,"column":24}},"57":{"start":{"line":232,"column":12},"end":{"line":232,"column":33}},"58":{"start":{"line":232,"column":22},"end":{"line":232,"column":33}},"59":{"start":{"line":233,"column":12},"end":{"line":235,"column":13}},"60":{"start":{"line":234,"column":14},"end":{"line":234,"column":32}},"61":{"start":{"line":247,"column":2},"end":{"line":247,"column":56}},"62":{"start":{"line":248,"column":2},"end":{"line":248,"column":30}},"63":{"start":{"line":250,"column":2},"end":{"line":256,"column":3}},"64":{"start":{"line":251,"column":4},"end":{"line":251,"column":25}},"65":{"start":{"line":252,"column":4},"end":{"line":252,"column":42}},"66":{"start":{"line":254,"column":4},"end":{"line":254,"column":52}},"67":{"start":{"line":255,"column":4},"end":{"line":255,"column":20}},"68":{"start":{"line":258,"column":2},"end":{"line":277,"column":3}},"69":{"start":{"line":259,"column":4},"end":{"line":276,"column":5}},"70":{"start":{"line":260,"column":20},"end":{"line":260,"column":95}},"71":{"start":{"line":262,"column":6},"end":{"line":265,"column":7}},"72":{"start":{"line":263,"column":8},"end":{"line":263,"column":71}},"73":{"start":{"line":264,"column":8},"end":{"line":264,"column":17}},"74":{"start":{"line":267,"column":23},"end":{"line":267,"column":65}},"75":{"start":{"line":268,"column":6},"end":{"line":268,"column":90}},"76":{"start":{"line":270,"column":6},"end":{"line":273,"column":7}},"77":{"start":{"line":271,"column":8},"end":{"line":271,"column":40}},"78":{"start":{"line":272,"column":8},"end":{"line":272,"column":27}},"79":{"start":{"line":275,"column":6},"end":{"line":275,"column":70}},"80":{"start":{"line":279,"column":2},"end":{"line":279,"column":37}},"81":{"start":{"line":280,"column":2},"end":{"line":280,"column":30}},"82":{"start":{"line":281,"column":2},"end":{"line":281,"column":13}},"83":{"start":{"line":284,"column":0},"end":{"line":287,"column":3}},"84":{"start":{"line":285,"column":2},"end":{"line":285,"column":40}},"85":{"start":{"line":286,"column":2},"end":{"line":286,"column":18}}},"fnMap":{"0":{"name":"(anonymous_0)","decl":{"start":{"line":13,"column":40},"end":{"line":13,"column":41}},"loc":{"start":{"line":13,"column":49},"end":{"line":18,"column":1}},"line":13},"1":{"name":"sleep","decl":{"start":{"line":40,"column":15},"end":{"line":40,"column":20}},"loc":{"start":{"line":40,"column":25},"end":{"line":42,"column":1}},"line":40},"2":{"name":"(anonymous_2)","decl":{"start":{"line":41,"column":21},"end":{"line":41,"column":22}},"loc":{"start":{"line":41,"column":32},"end":{"line":41,"column":55}},"line":41},"3":{"name":"initDatabase","decl":{"start":{"line":47,"column":9},"end":{"line":47,"column":21}},"loc":{"start":{"line":47,"column":24},"end":{"line":80,"column":1}},"line":47},"4":{"name":"(anonymous_4)","decl":{"start":{"line":48,"column":21},"end":{"line":48,"column":22}},"loc":{"start":{"line":48,"column":42},"end":{"line":79,"column":3}},"line":48},"5":{"name":"(anonymous_5)","decl":{"start":{"line":49,"column":17},"end":{"line":49,"column":18}},"loc":{"start":{"line":49,"column":23},"end":{"line":78,"column":5}},"line":49},"6":{"name":"(anonymous_6)","decl":{"start":{"line":74,"column":9},"end":{"line":74,"column":10}},"loc":{"start":{"line":74,"column":18},"end":{"line":77,"column":7}},"line":74},"7":{"name":"generateComprehensivePhonemeData","decl":{"start":{"line":85,"column":15},"end":{"line":85,"column":47}},"loc":{"start":{"line":85,"column":67},"end":{"line":180,"column":1}},"line":85},"8":{"name":"insertCards","decl":{"start":{"line":185,"column":15},"end":{"line":185,"column":26}},"loc":{"start":{"line":185,"column":43},"end":{"line":241,"column":1}},"line":185},"9":{"name":"(anonymous_9)","decl":{"start":{"line":186,"column":21},"end":{"line":186,"column":22}},"loc":{"start":{"line":186,"column":42},"end":{"line":240,"column":3}},"line":186},"10":{"name":"(anonymous_10)","decl":{"start":{"line":187,"column":62},"end":{"line":187,"column":63}},"loc":{"start":{"line":187,"column":71},"end":{"line":239,"column":5}},"line":187},"11":{"name":"(anonymous_11)","decl":{"start":{"line":201,"column":20},"end":{"line":201,"column":21}},"loc":{"start":{"line":201,"column":30},"end":{"line":238,"column":7}},"line":201},"12":{"name":"(anonymous_12)","decl":{"start":{"line":230,"column":10},"end":{"line":230,"column":11}},"loc":{"start":{"line":230,"column":24},"end":{"line":236,"column":11}},"line":230},"13":{"name":"main","decl":{"start":{"line":246,"column":15},"end":{"line":246,"column":19}},"loc":{"start":{"line":246,"column":22},"end":{"line":282,"column":1}},"line":246},"14":{"name":"(anonymous_14)","decl":{"start":{"line":284,"column":13},"end":{"line":284,"column":14}},"loc":{"start":{"line":284,"column":20},"end":{"line":287,"column":1}},"line":284}},"branchMap":{"0":{"loc":{"start":{"line":14,"column":2},"end":{"line":17,"column":3}},"type":"if","locations":[{"start":{"line":14,"column":2},"end":{"line":17,"column":3}},{"start":{},"end":{}}],"line":14},"1":{"loc":{"start":{"line":75,"column":8},"end":{"line":76,"column":23}},"type":"if","locations":[{"start":{"line":75,"column":8},"end":{"line":76,"column":23}},{"start":{"line":76,"column":13},"end":{"line":76,"column":23}}],"line":75},"2":{"loc":{"start":{"line":111,"column":22},"end":{"line":111,"column":56}},"type":"binary-expr","locations":[{"start":{"line":111,"column":22},"end":{"line":111,"column":50}},{"start":{"line":111,"column":54},"end":{"line":111,"column":56}}],"line":111},"3":{"loc":{"start":{"line":116,"column":42},"end":{"line":116,"column":82}},"type":"cond-expr","locations":[{"start":{"line":116,"column":71},"end":{"line":116,"column":75}},{"start":{"line":116,"column":78},"end":{"line":116,"column":82}}],"line":116},"4":{"loc":{"start":{"line":163,"column":6},"end":{"line":168,"column":7}},"type":"if","locations":[{"start":{"line":163,"column":6},"end":{"line":168,"column":7}},{"start":{},"end":{}}],"line":163},"5":{"loc":{"start":{"line":188,"column":6},"end":{"line":191,"column":7}},"type":"if","locations":[{"start":{"line":188,"column":6},"end":{"line":191,"column":7}},{"start":{},"end":{}}],"line":188},"6":{"loc":{"start":{"line":196,"column":6},"end":{"line":199,"column":7}},"type":"if","locations":[{"start":{"line":196,"column":6},"end":{"line":199,"column":7}},{"start":{},"end":{}}],"line":196},"7":{"loc":{"start":{"line":211,"column":12},"end":{"line":211,"column":29}},"type":"binary-expr","locations":[{"start":{"line":211,"column":12},"end":{"line":211,"column":23}},{"start":{"line":211,"column":27},"end":{"line":211,"column":29}}],"line":211},"8":{"loc":{"start":{"line":212,"column":12},"end":{"line":212,"column":32}},"type":"binary-expr","locations":[{"start":{"line":212,"column":12},"end":{"line":212,"column":24}},{"start":{"line":212,"column":28},"end":{"line":212,"column":32}}],"line":212},"9":{"loc":{"start":{"line":213,"column":12},"end":{"line":213,"column":30}},"type":"binary-expr","locations":[{"start":{"line":213,"column":12},"end":{"line":213,"column":22}},{"start":{"line":213,"column":26},"end":{"line":213,"column":30}}],"line":213},"10":{"loc":{"start":{"line":214,"column":12},"end":{"line":214,"column":31}},"type":"binary-expr","locations":[{"start":{"line":214,"column":12},"end":{"line":214,"column":23}},{"start":{"line":214,"column":27},"end":{"line":214,"column":31}}],"line":214},"11":{"loc":{"start":{"line":215,"column":12},"end":{"line":215,"column":31}},"type":"binary-expr","locations":[{"start":{"line":215,"column":12},"end":{"line":215,"column":23}},{"start":{"line":215,"column":27},"end":{"line":215,"column":31}}],"line":215},"12":{"loc":{"start":{"line":216,"column":12},"end":{"line":216,"column":33}},"type":"binary-expr","locations":[{"start":{"line":216,"column":12},"end":{"line":216,"column":25}},{"start":{"line":216,"column":29},"end":{"line":216,"column":33}}],"line":216},"13":{"loc":{"start":{"line":217,"column":12},"end":{"line":217,"column":36}},"type":"binary-expr","locations":[{"start":{"line":217,"column":12},"end":{"line":217,"column":28}},{"start":{"line":217,"column":32},"end":{"line":217,"column":36}}],"line":217},"14":{"loc":{"start":{"line":218,"column":12},"end":{"line":218,"column":36}},"type":"binary-expr","locations":[{"start":{"line":218,"column":12},"end":{"line":218,"column":21}},{"start":{"line":218,"column":25},"end":{"line":218,"column":36}}],"line":218},"15":{"loc":{"start":{"line":219,"column":12},"end":{"line":219,"column":34}},"type":"binary-expr","locations":[{"start":{"line":219,"column":12},"end":{"line":219,"column":28}},{"start":{"line":219,"column":32},"end":{"line":219,"column":34}}],"line":219},"16":{"loc":{"start":{"line":220,"column":12},"end":{"line":220,"column":35}},"type":"binary-expr","locations":[{"start":{"line":220,"column":12},"end":{"line":220,"column":29}},{"start":{"line":220,"column":33},"end":{"line":220,"column":35}}],"line":220},"17":{"loc":{"start":{"line":221,"column":12},"end":{"line":221,"column":42}},"type":"binary-expr","locations":[{"start":{"line":221,"column":12},"end":{"line":221,"column":36}},{"start":{"line":221,"column":40},"end":{"line":221,"column":42}}],"line":221},"18":{"loc":{"start":{"line":222,"column":12},"end":{"line":222,"column":34}},"type":"binary-expr","locations":[{"start":{"line":222,"column":12},"end":{"line":222,"column":28}},{"start":{"line":222,"column":32},"end":{"line":222,"column":34}}],"line":222},"19":{"loc":{"start":{"line":223,"column":12},"end":{"line":223,"column":38}},"type":"binary-expr","locations":[{"start":{"line":223,"column":12},"end":{"line":223,"column":30}},{"start":{"line":223,"column":34},"end":{"line":223,"column":38}}],"line":223},"20":{"loc":{"start":{"line":224,"column":12},"end":{"line":224,"column":45}},"type":"binary-expr","locations":[{"start":{"line":224,"column":12},"end":{"line":224,"column":37}},{"start":{"line":224,"column":41},"end":{"line":224,"column":45}}],"line":224},"21":{"loc":{"start":{"line":225,"column":12},"end":{"line":225,"column":37}},"type":"binary-expr","locations":[{"start":{"line":225,"column":12},"end":{"line":225,"column":29}},{"start":{"line":225,"column":33},"end":{"line":225,"column":37}}],"line":225},"22":{"loc":{"start":{"line":226,"column":12},"end":{"line":226,"column":38}},"type":"binary-expr","locations":[{"start":{"line":226,"column":12},"end":{"line":226,"column":30}},{"start":{"line":226,"column":34},"end":{"line":226,"column":38}}],"line":226},"23":{"loc":{"start":{"line":227,"column":12},"end":{"line":227,"column":45}},"type":"binary-expr","locations":[{"start":{"line":227,"column":12},"end":{"line":227,"column":37}},{"start":{"line":227,"column":41},"end":{"line":227,"column":45}}],"line":227},"24":{"loc":{"start":{"line":228,"column":12},"end":{"line":228,"column":37}},"type":"binary-expr","locations":[{"start":{"line":228,"column":12},"end":{"line":228,"column":29}},{"start":{"line":228,"column":33},"end":{"line":228,"column":37}}],"line":228},"25":{"loc":{"start":{"line":232,"column":12},"end":{"line":232,"column":33}},"type":"if","locations":[{"start":{"line":232,"column":12},"end":{"line":232,"column":33}},{"start":{},"end":{}}],"line":232},"26":{"loc":{"start":{"line":233,"column":12},"end":{"line":235,"column":13}},"type":"if","locations":[{"start":{"line":233,"column":12},"end":{"line":235,"column":13}},{"start":{},"end":{}}],"line":233},"27":{"loc":{"start":{"line":262,"column":6},"end":{"line":265,"column":7}},"type":"if","locations":[{"start":{"line":262,"column":6},"end":{"line":265,"column":7}},{"start":{},"end":{}}],"line":262},"28":{"loc":{"start":{"line":270,"column":6},"end":{"line":273,"column":7}},"type":"if","locations":[{"start":{"line":270,"column":6},"end":{"line":273,"column":7}},{"start":{},"end":{}}],"line":270}},"s":{"0":0,"1":0,"2":0,"3":0,"4":0,"5":0,"6":0,"7":0,"8":0,"9":0,"10":0,"11":0,"12":0,"13":0,"14":0,"15":0,"16":0,"17":0,"18":0,"19":0,"20":0,"21":0,"22":0,"23":0,"24":0,"25":0,"26":0,"27":0,"28":0,"29":0,"30":0,"31":0,"32":0,"33":0,"34":0,"35":0,"36":0,"37":0,"38":0,"39":0,"40":0,"41":0,"42":0,"43":0,"44":0,"45":0,"46":0,"47":0,"48":0,"49":0,"50":0,"51":0,"52":0,"53":0,"54":0,"55":0,"56":0,"57":0,"58":0,"59":0,"60":0,"61":0,"62":0,"63":0,"64":0,"65":0,"66":0,"67":0,"68":0,"69":0,"70":0,"71":0,"72":0,"73":0,"74":0,"75":0,"76":0,"77":0,"78":0,"79":0,"80":0,"81":0,"82":0,"83":0,"84":0,"85":0},"f":{"0":0,"1":0,"2":0,"3":0,"4":0,"5":0,"6":0,"7":0,"8":0,"9":0,"10":0,"11":0,"12":0,"13":0,"14":0},"b":{"0":[0,0],"1":[0,0],"2":[0,0],"3":[0,0],"4":[0,0],"5":[0,0],"6":[0,0],"7":[0,0],"8":[0,0],"9":[0,0],"10":[0,0],"11":[0,0],"12":[0,0],"13":[0,0],"14":[0,0],"15":[0,0],"16":[0,0],"17":[0,0],"18":[0,0],"19":[0,0],"20":[0,0],"21":[0,0],"22":[0,0],"23":[0,0],"24":[0,0],"25":[0,0],"26":[0,0],"27":[0,0],"28":[0,0]},"inputSourceMap":null}
,"/home/chris/fonetik/scripts/generateData.js": {"path":"/home/chris/fonetik/scripts/generateData.js","statementMap":{"0":{"start":{"line":7,"column":18},"end":{"line":7,"column":62}},"1":{"start":{"line":8,"column":15},"end":{"line":8,"column":58}},"2":{"start":{"line":9,"column":11},"end":{"line":9,"column":31}},"3":{"start":{"line":11,"column":16},"end":{"line":11,"column":42}},"4":{"start":{"line":12,"column":0},"end":{"line":15,"column":1}},"5":{"start":{"line":13,"column":2},"end":{"line":13,"column":60}},"6":{"start":{"line":14,"column":2},"end":{"line":14,"column":18}},"7":{"start":{"line":16,"column":14},"end":{"line":16,"column":45}},"8":{"start":{"line":17,"column":14},"end":{"line":17,"column":69}},"9":{"start":{"line":19,"column":18},"end":{"line":21,"column":1}},"10":{"start":{"line":24,"column":2},"end":{"line":24,"column":57}},"11":{"start":{"line":24,"column":32},"end":{"line":24,"column":55}},"12":{"start":{"line":28,"column":17},"end":{"line":66,"column":3}},"13":{"start":{"line":68,"column":2},"end":{"line":68,"column":52}},"14":{"start":{"line":69,"column":16},"end":{"line":69,"column":17}},"15":{"start":{"line":70,"column":2},"end":{"line":88,"column":3}},"16":{"start":{"line":71,"column":4},"end":{"line":87,"column":5}},"17":{"start":{"line":72,"column":21},"end":{"line":72,"column":56}},"18":{"start":{"line":73,"column":23},"end":{"line":73,"column":44}},"19":{"start":{"line":74,"column":19},"end":{"line":74,"column":34}},"20":{"start":{"line":75,"column":24},"end":{"line":75,"column":45}},"21":{"start":{"line":76,"column":6},"end":{"line":76,"column":68}},"22":{"start":{"line":76,"column":22},"end":{"line":76,"column":68}},"23":{"start":{"line":77,"column":6},"end":{"line":77,"column":38}},"24":{"start":{"line":79,"column":6},"end":{"line":86,"column":7}},"25":{"start":{"line":80,"column":8},"end":{"line":80,"column":70}},"26":{"start":{"line":81,"column":8},"end":{"line":81,"column":26}},"27":{"start":{"line":82,"column":8},"end":{"line":82,"column":18}},"28":{"start":{"line":84,"column":8},"end":{"line":84,"column":55}},"29":{"start":{"line":85,"column":8},"end":{"line":85,"column":18}},"30":{"start":{"line":89,"column":2},"end":{"line":89,"column":12}},"31":{"start":{"line":93,"column":2},"end":{"line":111,"column":5}},"32":{"start":{"line":113,"column":17},"end":{"line":116,"column":4}},"33":{"start":{"line":118,"column":2},"end":{"line":144,"column":3}},"34":{"start":{"line":119,"column":18},"end":{"line":119,"column":42}},"35":{"start":{"line":120,"column":4},"end":{"line":120,"column":37}},"36":{"start":{"line":120,"column":28},"end":{"line":120,"column":37}},"37":{"start":{"line":122,"column":24},"end":{"line":140,"column":6}},"38":{"start":{"line":123,"column":6},"end":{"line":139,"column":7}},"39":{"start":{"line":124,"column":8},"end":{"line":138,"column":10}},"40":{"start":{"line":141,"column":4},"end":{"line":141,"column":23}},"41":{"start":{"line":142,"column":4},"end":{"line":142,"column":57}},"42":{"start":{"line":143,"column":4},"end":{"line":143,"column":22}},"43":{"start":{"line":147,"column":0},"end":{"line":147,"column":28}}},"fnMap":{"0":{"name":"sleep","decl":{"start":{"line":23,"column":15},"end":{"line":23,"column":20}},"loc":{"start":{"line":23,"column":25},"end":{"line":25,"column":1}},"line":23},"1":{"name":"(anonymous_1)","decl":{"start":{"line":24,"column":21},"end":{"line":24,"column":22}},"loc":{"start":{"line":24,"column":32},"end":{"line":24,"column":55}},"line":24},"2":{"name":"generateData","decl":{"start":{"line":27,"column":15},"end":{"line":27,"column":27}},"loc":{"start":{"line":27,"column":38},"end":{"line":90,"column":1}},"line":27},"3":{"name":"main","decl":{"start":{"line":92,"column":15},"end":{"line":92,"column":19}},"loc":{"start":{"line":92,"column":22},"end":{"line":145,"column":1}},"line":92},"4":{"name":"(anonymous_4)","decl":{"start":{"line":122,"column":39},"end":{"line":122,"column":40}},"loc":{"start":{"line":122,"column":50},"end":{"line":140,"column":5}},"line":122}},"branchMap":{"0":{"loc":{"start":{"line":12,"column":0},"end":{"line":15,"column":1}},"type":"if","locations":[{"start":{"line":12,"column":0},"end":{"line":15,"column":1}},{"start":{},"end":{}}],"line":12},"1":{"loc":{"start":{"line":76,"column":6},"end":{"line":76,"column":68}},"type":"if","locations":[{"start":{"line":76,"column":6},"end":{"line":76,"column":68}},{"start":{},"end":{}}],"line":76},"2":{"loc":{"start":{"line":79,"column":6},"end":{"line":86,"column":7}},"type":"if","locations":[{"start":{"line":79,"column":6},"end":{"line":86,"column":7}},{"start":{"line":83,"column":13},"end":{"line":86,"column":7}}],"line":79},"3":{"loc":{"start":{"line":120,"column":4},"end":{"line":120,"column":37}},"type":"if","locations":[{"start":{"line":120,"column":4},"end":{"line":120,"column":37}},{"start":{},"end":{}}],"line":120}},"s":{"0":0,"1":0,"2":0,"3":0,"4":0,"5":0,"6":0,"7":0,"8":0,"9":0,"10":0,"11":0,"12":0,"13":0,"14":0,"15":0,"16":0,"17":0,"18":0,"19":0,"20":0,"21":0,"22":0,"23":0,"24":0,"25":0,"26":0,"27":0,"28":0,"29":0,"30":0,"31":0,"32":0,"33":0,"34":0,"35":0,"36":0,"37":0,"38":0,"39":0,"40":0,"41":0,"42":0,"43":0},"f":{"0":0,"1":0,"2":0,"3":0,"4":0},"b":{"0":[0,0],"1":[0,0],"2":[0,0],"3":[0,0]},"inputSourceMap":null}
,"/home/chris/fonetik/scripts/generateExhaustiveData.js": {"path":"/home/chris/fonetik/scripts/generateExhaustiveData.js","statementMap":{"0":{"start":{"line":7,"column":18},"end":{"line":7,"column":62}},"1":{"start":{"line":8,"column":15},"end":{"line":8,"column":50}},"2":{"start":{"line":9,"column":11},"end":{"line":9,"column":39}},"3":{"start":{"line":11,"column":17},"end":{"line":11,"column":56}},"4":{"start":{"line":12,"column":17},"end":{"line":12,"column":57}},"5":{"start":{"line":14,"column":14},"end":{"line":14,"column":46}},"6":{"start":{"line":15,"column":14},"end":{"line":15,"column":69}},"7":{"start":{"line":17,"column":18},"end":{"line":25,"column":1}},"8":{"start":{"line":28,"column":2},"end":{"line":28,"column":57}},"9":{"start":{"line":28,"column":32},"end":{"line":28,"column":55}},"10":{"start":{"line":32,"column":17},"end":{"line":60,"column":3}},"11":{"start":{"line":62,"column":2},"end":{"line":71,"column":3}},"12":{"start":{"line":63,"column":19},"end":{"line":63,"column":54}},"13":{"start":{"line":64,"column":17},"end":{"line":64,"column":39}},"14":{"start":{"line":65,"column":22},"end":{"line":65,"column":43}},"15":{"start":{"line":66,"column":4},"end":{"line":66,"column":30}},"16":{"start":{"line":66,"column":20},"end":{"line":66,"column":30}},"17":{"start":{"line":67,"column":4},"end":{"line":67,"column":36}},"18":{"start":{"line":69,"column":4},"end":{"line":69,"column":70}},"19":{"start":{"line":70,"column":4},"end":{"line":70,"column":14}},"20":{"start":{"line":75,"column":2},"end":{"line":75,"column":81}},"21":{"start":{"line":77,"column":2},"end":{"line":87,"column":5}},"22":{"start":{"line":78,"column":4},"end":{"line":86,"column":8}},"23":{"start":{"line":89,"column":2},"end":{"line":128,"column":3}},"24":{"start":{"line":90,"column":23},"end":{"line":90,"column":140}},"25":{"start":{"line":90,"column":46},"end":{"line":90,"column":139}},"26":{"start":{"line":90,"column":125},"end":{"line":90,"column":138}},"27":{"start":{"line":92,"column":4},"end":{"line":92,"column":71}},"28":{"start":{"line":94,"column":4},"end":{"line":127,"column":5}},"29":{"start":{"line":95,"column":23},"end":{"line":95,"column":151}},"30":{"start":{"line":95,"column":46},"end":{"line":95,"column":150}},"31":{"start":{"line":95,"column":119},"end":{"line":95,"column":149}},"32":{"start":{"line":95,"column":137},"end":{"line":95,"column":147}},"33":{"start":{"line":97,"column":20},"end":{"line":97,"column":69}},"34":{"start":{"line":98,"column":6},"end":{"line":102,"column":7}},"35":{"start":{"line":99,"column":8},"end":{"line":99,"column":65}},"36":{"start":{"line":100,"column":8},"end":{"line":100,"column":27}},"37":{"start":{"line":101,"column":8},"end":{"line":101,"column":17}},"38":{"start":{"line":104,"column":19},"end":{"line":109,"column":74}},"39":{"start":{"line":111,"column":6},"end":{"line":122,"column":9}},"40":{"start":{"line":112,"column":8},"end":{"line":120,"column":9}},"41":{"start":{"line":113,"column":10},"end":{"line":119,"column":12}},"42":{"start":{"line":121,"column":8},"end":{"line":121,"column":24}},"43":{"start":{"line":124,"column":6},"end":{"line":124,"column":35}},"44":{"start":{"line":125,"column":6},"end":{"line":125,"column":52}},"45":{"start":{"line":126,"column":6},"end":{"line":126,"column":25}},"46":{"start":{"line":129,"column":2},"end":{"line":129,"column":45}},"47":{"start":{"line":132,"column":0},"end":{"line":132,"column":28}}},"fnMap":{"0":{"name":"sleep","decl":{"start":{"line":27,"column":15},"end":{"line":27,"column":20}},"loc":{"start":{"line":27,"column":25},"end":{"line":29,"column":1}},"line":27},"1":{"name":"(anonymous_1)","decl":{"start":{"line":28,"column":21},"end":{"line":28,"column":22}},"loc":{"start":{"line":28,"column":32},"end":{"line":28,"column":55}},"line":28},"2":{"name":"generateBatch","decl":{"start":{"line":31,"column":15},"end":{"line":31,"column":28}},"loc":{"start":{"line":31,"column":64},"end":{"line":72,"column":1}},"line":31},"3":{"name":"main","decl":{"start":{"line":74,"column":15},"end":{"line":74,"column":19}},"loc":{"start":{"line":74,"column":22},"end":{"line":130,"column":1}},"line":74},"4":{"name":"(anonymous_4)","decl":{"start":{"line":77,"column":15},"end":{"line":77,"column":16}},"loc":{"start":{"line":77,"column":21},"end":{"line":87,"column":3}},"line":77},"5":{"name":"(anonymous_5)","decl":{"start":{"line":90,"column":41},"end":{"line":90,"column":42}},"loc":{"start":{"line":90,"column":46},"end":{"line":90,"column":139}},"line":90},"6":{"name":"(anonymous_6)","decl":{"start":{"line":90,"column":113},"end":{"line":90,"column":114}},"loc":{"start":{"line":90,"column":125},"end":{"line":90,"column":138}},"line":90},"7":{"name":"(anonymous_7)","decl":{"start":{"line":95,"column":41},"end":{"line":95,"column":42}},"loc":{"start":{"line":95,"column":46},"end":{"line":95,"column":150}},"line":95},"8":{"name":"(anonymous_8)","decl":{"start":{"line":95,"column":106},"end":{"line":95,"column":107}},"loc":{"start":{"line":95,"column":119},"end":{"line":95,"column":149}},"line":95},"9":{"name":"(anonymous_9)","decl":{"start":{"line":95,"column":130},"end":{"line":95,"column":131}},"loc":{"start":{"line":95,"column":137},"end":{"line":95,"column":147}},"line":95},"10":{"name":"(anonymous_10)","decl":{"start":{"line":111,"column":19},"end":{"line":111,"column":20}},"loc":{"start":{"line":111,"column":25},"end":{"line":122,"column":7}},"line":111}},"branchMap":{"0":{"loc":{"start":{"line":66,"column":4},"end":{"line":66,"column":30}},"type":"if","locations":[{"start":{"line":66,"column":4},"end":{"line":66,"column":30}},{"start":{},"end":{}}],"line":66},"1":{"loc":{"start":{"line":90,"column":127},"end":{"line":90,"column":137}},"type":"binary-expr","locations":[{"start":{"line":90,"column":127},"end":{"line":90,"column":132}},{"start":{"line":90,"column":136},"end":{"line":90,"column":137}}],"line":90},"2":{"loc":{"start":{"line":98,"column":6},"end":{"line":102,"column":7}},"type":"if","locations":[{"start":{"line":98,"column":6},"end":{"line":102,"column":7}},{"start":{},"end":{}}],"line":98},"3":{"loc":{"start":{"line":114,"column":31},"end":{"line":114,"column":51}},"type":"binary-expr","locations":[{"start":{"line":114,"column":31},"end":{"line":114,"column":43}},{"start":{"line":114,"column":47},"end":{"line":114,"column":51}}],"line":114},"4":{"loc":{"start":{"line":114,"column":53},"end":{"line":114,"column":71}},"type":"binary-expr","locations":[{"start":{"line":114,"column":53},"end":{"line":114,"column":63}},{"start":{"line":114,"column":67},"end":{"line":114,"column":71}}],"line":114},"5":{"loc":{"start":{"line":114,"column":73},"end":{"line":114,"column":92}},"type":"binary-expr","locations":[{"start":{"line":114,"column":73},"end":{"line":114,"column":84}},{"start":{"line":114,"column":88},"end":{"line":114,"column":92}}],"line":114},"6":{"loc":{"start":{"line":115,"column":12},"end":{"line":115,"column":31}},"type":"binary-expr","locations":[{"start":{"line":115,"column":12},"end":{"line":115,"column":23}},{"start":{"line":115,"column":27},"end":{"line":115,"column":31}}],"line":115},"7":{"loc":{"start":{"line":115,"column":33},"end":{"line":115,"column":54}},"type":"binary-expr","locations":[{"start":{"line":115,"column":33},"end":{"line":115,"column":46}},{"start":{"line":115,"column":50},"end":{"line":115,"column":54}}],"line":115},"8":{"loc":{"start":{"line":115,"column":56},"end":{"line":115,"column":80}},"type":"binary-expr","locations":[{"start":{"line":115,"column":56},"end":{"line":115,"column":72}},{"start":{"line":115,"column":76},"end":{"line":115,"column":80}}],"line":115},"9":{"loc":{"start":{"line":117,"column":12},"end":{"line":117,"column":38}},"type":"binary-expr","locations":[{"start":{"line":117,"column":12},"end":{"line":117,"column":30}},{"start":{"line":117,"column":34},"end":{"line":117,"column":38}}],"line":117},"10":{"loc":{"start":{"line":117,"column":40},"end":{"line":117,"column":73}},"type":"binary-expr","locations":[{"start":{"line":117,"column":40},"end":{"line":117,"column":65}},{"start":{"line":117,"column":69},"end":{"line":117,"column":73}}],"line":117},"11":{"loc":{"start":{"line":117,"column":75},"end":{"line":117,"column":100}},"type":"binary-expr","locations":[{"start":{"line":117,"column":75},"end":{"line":117,"column":92}},{"start":{"line":117,"column":96},"end":{"line":117,"column":100}}],"line":117},"12":{"loc":{"start":{"line":118,"column":12},"end":{"line":118,"column":38}},"type":"binary-expr","locations":[{"start":{"line":118,"column":12},"end":{"line":118,"column":30}},{"start":{"line":118,"column":34},"end":{"line":118,"column":38}}],"line":118},"13":{"loc":{"start":{"line":118,"column":40},"end":{"line":118,"column":73}},"type":"binary-expr","locations":[{"start":{"line":118,"column":40},"end":{"line":118,"column":65}},{"start":{"line":118,"column":69},"end":{"line":118,"column":73}}],"line":118},"14":{"loc":{"start":{"line":118,"column":75},"end":{"line":118,"column":100}},"type":"binary-expr","locations":[{"start":{"line":118,"column":75},"end":{"line":118,"column":92}},{"start":{"line":118,"column":96},"end":{"line":118,"column":100}}],"line":118}},"s":{"0":0,"1":0,"2":0,"3":0,"4":0,"5":0,"6":0,"7":0,"8":0,"9":0,"10":0,"11":0,"12":0,"13":0,"14":0,"15":0,"16":0,"17":0,"18":0,"19":0,"20":0,"21":0,"22":0,"23":0,"24":0,"25":0,"26":0,"27":0,"28":0,"29":0,"30":0,"31":0,"32":0,"33":0,"34":0,"35":0,"36":0,"37":0,"38":0,"39":0,"40":0,"41":0,"42":0,"43":0,"44":0,"45":0,"46":0,"47":0},"f":{"0":0,"1":0,"2":0,"3":0,"4":0,"5":0,"6":0,"7":0,"8":0,"9":0,"10":0},"b":{"0":[0,0],"1":[0,0],"2":[0,0],"3":[0,0],"4":[0,0],"5":[0,0],"6":[0,0],"7":[0,0],"8":[0,0],"9":[0,0],"10":[0,0],"11":[0,0],"12":[0,0],"13":[0,0],"14":[0,0]},"inputSourceMap":null}
,"/home/chris/fonetik/src/App.tsx": {"path":"/home/chris/fonetik/src/App.tsx","statementMap":{"0":{"start":{"line":39,"column":0},"end":{"line":39,"column":24}},"1":{"start":{"line":1,"column":0},"end":{"line":1,"column":52}},"2":{"start":{"line":2,"column":0},"end":{"line":2,"column":98}},"3":{"start":{"line":3,"column":0},"end":{"line":3,"column":19}},"4":{"start":{"line":28,"column":18},"end":{"line":37,"column":2}},"5":{"start":{"line":40,"column":34},"end":{"line":40,"column":56}},"6":{"start":{"line":41,"column":28},"end":{"line":41,"column":48}},"7":{"start":{"line":42,"column":42},"end":{"line":42,"column":53}},"8":{"start":{"line":43,"column":36},"end":{"line":43,"column":50}},"9":{"start":{"line":44,"column":40},"end":{"line":44,"column":55}},"10":{"start":{"line":45,"column":34},"end":{"line":45,"column":100}},"11":{"start":{"line":47,"column":2},"end":{"line":49,"column":17}},"12":{"start":{"line":48,"column":4},"end":{"line":48,"column":16}},"13":{"start":{"line":51,"column":20},"end":{"line":63,"column":4}},"14":{"start":{"line":51,"column":31},"end":{"line":63,"column":4}},"15":{"start":{"line":52,"column":4},"end":{"line":62,"column":5}},"16":{"start":{"line":54,"column":19},"end":{"line":54,"column":62}},"17":{"start":{"line":55,"column":6},"end":{"line":55,"column":27}},"18":{"start":{"line":56,"column":6},"end":{"line":56,"column":25}},"19":{"start":{"line":57,"column":6},"end":{"line":57,"column":25}},"20":{"start":{"line":59,"column":6},"end":{"line":59,"column":50}},"21":{"start":{"line":60,"column":6},"end":{"line":60,"column":19}},"22":{"start":{"line":61,"column":6},"end":{"line":61,"column":99}},"23":{"start":{"line":65,"column":18},"end":{"line":90,"column":4}},"24":{"start":{"line":65,"column":41},"end":{"line":90,"column":4}},"25":{"start":{"line":66,"column":4},"end":{"line":89,"column":5}},"26":{"start":{"line":67,"column":6},"end":{"line":70,"column":7}},"27":{"start":{"line":68,"column":8},"end":{"line":68,"column":40}},"28":{"start":{"line":69,"column":8},"end":{"line":69,"column":15}},"29":{"start":{"line":72,"column":26},"end":{"line":72,"column":74}},"30":{"start":{"line":73,"column":6},"end":{"line":77,"column":7}},"31":{"start":{"line":74,"column":8},"end":{"line":74,"column":52}},"32":{"start":{"line":75,"column":8},"end":{"line":75,"column":104}},"33":{"start":{"line":76,"column":8},"end":{"line":76,"column":15}},"34":{"start":{"line":78,"column":19},"end":{"line":78,"column":66}},"35":{"start":{"line":79,"column":18},"end":{"line":79,"column":43}},"36":{"start":{"line":80,"column":20},"end":{"line":80,"column":34}},"37":{"start":{"line":81,"column":6},"end":{"line":84,"column":9}},"38":{"start":{"line":82,"column":8},"end":{"line":82,"column":44}},"39":{"start":{"line":83,"column":8},"end":{"line":83,"column":83}},"40":{"start":{"line":86,"column":6},"end":{"line":86,"column":43}},"41":{"start":{"line":87,"column":23},"end":{"line":87,"column":62}},"42":{"start":{"line":88,"column":6},"end":{"line":88,"column":66}},"43":{"start":{"line":92,"column":19},"end":{"line":96,"column":3}},"44":{"start":{"line":93,"column":4},"end":{"line":93,"column":57}},"45":{"start":{"line":93,"column":30},"end":{"line":93,"column":55}},"46":{"start":{"line":94,"column":4},"end":{"line":94,"column":23}},"47":{"start":{"line":95,"column":4},"end":{"line":95,"column":22}},"48":{"start":{"line":98,"column":19},"end":{"line":102,"column":3}},"49":{"start":{"line":99,"column":4},"end":{"line":99,"column":72}},"50":{"start":{"line":99,"column":30},"end":{"line":99,"column":70}},"51":{"start":{"line":100,"column":4},"end":{"line":100,"column":23}},"52":{"start":{"line":101,"column":4},"end":{"line":101,"column":22}},"53":{"start":{"line":104,"column":25},"end":{"line":142,"column":4}},"54":{"start":{"line":104,"column":36},"end":{"line":142,"column":4}},"55":{"start":{"line":105,"column":4},"end":{"line":141,"column":5}},"56":{"start":{"line":106,"column":21},"end":{"line":106,"column":79}},"57":{"start":{"line":107,"column":17},"end":{"line":107,"column":70}},"58":{"start":{"line":108,"column":29},"end":{"line":108,"column":31}},"59":{"start":{"line":110,"column":6},"end":{"line":110,"column":54}},"60":{"start":{"line":110,"column":34},"end":{"line":110,"column":53}},"61":{"start":{"line":111,"column":6},"end":{"line":127,"column":8}},"62":{"start":{"line":111,"column":29},"end":{"line":127,"column":8}},"63":{"start":{"line":112,"column":8},"end":{"line":126,"column":9}},"64":{"start":{"line":113,"column":23},"end":{"line":113,"column":63}},"65":{"start":{"line":115,"column":25},"end":{"line":115,"column":105}},"66":{"start":{"line":116,"column":10},"end":{"line":116,"column":30}},"67":{"start":{"line":118,"column":10},"end":{"line":118,"column":56}},"68":{"start":{"line":119,"column":10},"end":{"line":122,"column":13}},"69":{"start":{"line":124,"column":10},"end":{"line":124,"column":32}},"70":{"start":{"line":125,"column":10},"end":{"line":125,"column":60}},"71":{"start":{"line":125,"column":46},"end":{"line":125,"column":58}},"72":{"start":{"line":129,"column":6},"end":{"line":129,"column":17}},"73":{"start":{"line":130,"column":6},"end":{"line":130,"column":27}},"74":{"start":{"line":131,"column":6},"end":{"line":133,"column":15}},"75":{"start":{"line":132,"column":8},"end":{"line":132,"column":48}},"76":{"start":{"line":132,"column":38},"end":{"line":132,"column":48}},"77":{"start":{"line":135,"column":6},"end":{"line":135,"column":45}},"78":{"start":{"line":136,"column":6},"end":{"line":139,"column":9}},"79":{"start":{"line":140,"column":6},"end":{"line":140,"column":28}},"80":{"start":{"line":144,"column":23},"end":{"line":150,"column":3}},"81":{"start":{"line":145,"column":21},"end":{"line":145,"column":63}},"82":{"start":{"line":145,"column":43},"end":{"line":145,"column":62}},"83":{"start":{"line":146,"column":4},"end":{"line":146,"column":23}},"84":{"start":{"line":147,"column":4},"end":{"line":147,"column":23}},"85":{"start":{"line":148,"column":4},"end":{"line":148,"column":23}},"86":{"start":{"line":149,"column":4},"end":{"line":149,"column":22}},"87":{"start":{"line":152,"column":22},"end":{"line":152,"column":41}},"88":{"start":{"line":154,"column":2},"end":{"line":259,"column":4}},"89":{"start":{"line":165,"column":52},"end":{"line":165,"column":79}},"90":{"start":{"line":166,"column":32},"end":{"line":166,"column":48}},"91":{"start":{"line":168,"column":55},"end":{"line":168,"column":69}},"92":{"start":{"line":175,"column":84},"end":{"line":175,"column":108}},"93":{"start":{"line":183,"column":68},"end":{"line":183,"column":88}},"94":{"start":{"line":183,"column":89},"end":{"line":183,"column":117}},"95":{"start":{"line":215,"column":35},"end":{"line":215,"column":42}},"96":{"start":{"line":216,"column":22},"end":{"line":216,"column":35}},"97":{"start":{"line":217,"column":77},"end":{"line":217,"column":97}},"98":{"start":{"line":217,"column":98},"end":{"line":217,"column":115}},"99":{"start":{"line":232,"column":40},"end":{"line":232,"column":60}},"100":{"start":{"line":232,"column":61},"end":{"line":232,"column":78}},"101":{"start":{"line":249,"column":40},"end":{"line":249,"column":60}},"102":{"start":{"line":249,"column":61},"end":{"line":249,"column":72}},"103":{"start":{"line":251,"column":40},"end":{"line":251,"column":60}},"104":{"start":{"line":251,"column":61},"end":{"line":251,"column":72}}},"fnMap":{"0":{"name":"App","decl":{"start":{"line":39,"column":24},"end":{"line":39,"column":27}},"loc":{"start":{"line":39,"column":27},"end":{"line":260,"column":1}}},"1":{"name":"(anonymous_8)","decl":{"start":{"line":47,"column":12},"end":{"line":47,"column":15}},"loc":{"start":{"line":47,"column":17},"end":{"line":49,"column":3}}},"2":{"name":"(anonymous_9)","decl":{"start":{"line":51,"column":20},"end":{"line":51,"column":29}},"loc":{"start":{"line":51,"column":31},"end":{"line":63,"column":4}}},"3":{"name":"(anonymous_10)","decl":{"start":{"line":51,"column":31},"end":{"line":51,"column":null}},"loc":{"start":{"line":51,"column":31},"end":{"line":63,"column":3}}},"4":{"name":"(anonymous_11)","decl":{"start":{"line":65,"column":18},"end":{"line":65,"column":25}},"loc":{"start":{"line":65,"column":41},"end":{"line":90,"column":4}}},"5":{"name":"(anonymous_12)","decl":{"start":{"line":65,"column":41},"end":{"line":65,"column":null}},"loc":{"start":{"line":65,"column":41},"end":{"line":90,"column":3}}},"6":{"name":"(anonymous_13)","decl":{"start":{"line":81,"column":25},"end":{"line":81,"column":26}},"loc":{"start":{"line":81,"column":29},"end":{"line":84,"column":7}}},"7":{"name":"(anonymous_14)","decl":{"start":{"line":92,"column":19},"end":{"line":92,"column":22}},"loc":{"start":{"line":92,"column":24},"end":{"line":96,"column":3}}},"8":{"name":"(anonymous_15)","decl":{"start":{"line":93,"column":20},"end":{"line":93,"column":21}},"loc":{"start":{"line":93,"column":30},"end":{"line":93,"column":55}}},"9":{"name":"(anonymous_16)","decl":{"start":{"line":98,"column":19},"end":{"line":98,"column":22}},"loc":{"start":{"line":98,"column":24},"end":{"line":102,"column":3}}},"10":{"name":"(anonymous_17)","decl":{"start":{"line":99,"column":20},"end":{"line":99,"column":21}},"loc":{"start":{"line":99,"column":30},"end":{"line":99,"column":70}}},"11":{"name":"(anonymous_18)","decl":{"start":{"line":104,"column":25},"end":{"line":104,"column":34}},"loc":{"start":{"line":104,"column":36},"end":{"line":142,"column":4}}},"12":{"name":"(anonymous_19)","decl":{"start":{"line":104,"column":36},"end":{"line":104,"column":null}},"loc":{"start":{"line":104,"column":36},"end":{"line":142,"column":3}}},"13":{"name":"(anonymous_20)","decl":{"start":{"line":110,"column":27},"end":{"line":110,"column":28}},"loc":{"start":{"line":110,"column":34},"end":{"line":110,"column":53}}},"14":{"name":"(anonymous_21)","decl":{"start":{"line":111,"column":18},"end":{"line":111,"column":27}},"loc":{"start":{"line":111,"column":29},"end":{"line":127,"column":8}}},"15":{"name":"(anonymous_22)","decl":{"start":{"line":111,"column":29},"end":{"line":111,"column":null}},"loc":{"start":{"line":111,"column":29},"end":{"line":127,"column":7}}},"16":{"name":"(anonymous_23)","decl":{"start":{"line":125,"column":37},"end":{"line":125,"column":42}},"loc":{"start":{"line":125,"column":46},"end":{"line":125,"column":58}}},"17":{"name":"(anonymous_24)","decl":{"start":{"line":131,"column":17},"end":{"line":131,"column":20}},"loc":{"start":{"line":131,"column":22},"end":{"line":133,"column":7}}},"18":{"name":"(anonymous_25)","decl":{"start":{"line":144,"column":23},"end":{"line":144,"column":26}},"loc":{"start":{"line":144,"column":28},"end":{"line":150,"column":3}}},"19":{"name":"(anonymous_26)","decl":{"start":{"line":145,"column":37},"end":{"line":145,"column":40}},"loc":{"start":{"line":145,"column":43},"end":{"line":145,"column":62}}},"20":{"name":"(anonymous_27)","decl":{"start":{"line":165,"column":45},"end":{"line":165,"column":46}},"loc":{"start":{"line":165,"column":52},"end":{"line":165,"column":79}}},"21":{"name":"(anonymous_28)","decl":{"start":{"line":166,"column":27},"end":{"line":166,"column":28}},"loc":{"start":{"line":166,"column":32},"end":{"line":166,"column":48}}},"22":{"name":"(anonymous_29)","decl":{"start":{"line":168,"column":49},"end":{"line":168,"column":52}},"loc":{"start":{"line":168,"column":55},"end":{"line":168,"column":69}}},"23":{"name":"(anonymous_30)","decl":{"start":{"line":175,"column":78},"end":{"line":175,"column":81}},"loc":{"start":{"line":175,"column":84},"end":{"line":175,"column":108}}},"24":{"name":"(anonymous_31)","decl":{"start":{"line":183,"column":59},"end":{"line":183,"column":60}},"loc":{"start":{"line":183,"column":65},"end":{"line":183,"column":119}}},"25":{"name":"(anonymous_32)","decl":{"start":{"line":215,"column":29},"end":{"line":215,"column":31}},"loc":{"start":{"line":215,"column":35},"end":{"line":215,"column":42}}},"26":{"name":"(anonymous_33)","decl":{"start":{"line":215,"column":48},"end":{"line":215,"column":49}},"loc":{"start":{"line":216,"column":22},"end":{"line":216,"column":35}}},"27":{"name":"(anonymous_34)","decl":{"start":{"line":217,"column":68},"end":{"line":217,"column":69}},"loc":{"start":{"line":217,"column":74},"end":{"line":217,"column":117}}},"28":{"name":"(anonymous_35)","decl":{"start":{"line":232,"column":31},"end":{"line":232,"column":32}},"loc":{"start":{"line":232,"column":37},"end":{"line":232,"column":80}}},"29":{"name":"(anonymous_36)","decl":{"start":{"line":249,"column":31},"end":{"line":249,"column":32}},"loc":{"start":{"line":249,"column":37},"end":{"line":249,"column":74}}},"30":{"name":"(anonymous_37)","decl":{"start":{"line":251,"column":31},"end":{"line":251,"column":32}},"loc":{"start":{"line":251,"column":37},"end":{"line":251,"column":74}}}},"branchMap":{"0":{"loc":{"start":{"line":55,"column":15},"end":{"line":55,"column":25}},"type":"binary-expr","locations":[{"start":{"line":55,"column":15},"end":{"line":55,"column":19}},{"start":{"line":55,"column":23},"end":{"line":55,"column":25}}]},"1":{"loc":{"start":{"line":67,"column":6},"end":{"line":70,"column":7}},"type":"if","locations":[{"start":{"line":67,"column":6},"end":{"line":70,"column":7}}]},"2":{"loc":{"start":{"line":73,"column":6},"end":{"line":77,"column":7}},"type":"if","locations":[{"start":{"line":73,"column":6},"end":{"line":77,"column":7}}]},"3":{"loc":{"start":{"line":73,"column":10},"end":{"line":73,"column":54}},"type":"binary-expr","locations":[{"start":{"line":73,"column":10},"end":{"line":73,"column":22}},{"start":{"line":73,"column":26},"end":{"line":73,"column":54}}]},"4":{"loc":{"start":{"line":87,"column":23},"end":{"line":87,"column":62}},"type":"binary-expr","locations":[{"start":{"line":87,"column":23},"end":{"line":87,"column":35}},{"start":{"line":87,"column":39},"end":{"line":87,"column":62}}]},"5":{"loc":{"start":{"line":87,"column":23},"end":{"line":87,"column":35}},"type":"cond-expr","locations":[{"start":{"line":87,"column":26},"end":{"line":87,"column":28}},{"start":{"line":87,"column":23},"end":{"line":87,"column":35}}]},"6":{"loc":{"start":{"line":87,"column":23},"end":{"line":87,"column":28}},"type":"binary-expr","locations":[{"start":{"line":87,"column":23},"end":{"line":87,"column":28}},{"start":{"line":87,"column":23},"end":{"line":87,"column":28}}]},"7":{"loc":{"start":{"line":121,"column":22},"end":{"line":121,"column":73}},"type":"binary-expr","locations":[{"start":{"line":121,"column":22},"end":{"line":121,"column":34}},{"start":{"line":121,"column":38},"end":{"line":121,"column":73}}]},"8":{"loc":{"start":{"line":121,"column":22},"end":{"line":121,"column":34}},"type":"cond-expr","locations":[{"start":{"line":121,"column":25},"end":{"line":121,"column":27}},{"start":{"line":121,"column":22},"end":{"line":121,"column":34}}]},"9":{"loc":{"start":{"line":121,"column":22},"end":{"line":121,"column":27}},"type":"binary-expr","locations":[{"start":{"line":121,"column":22},"end":{"line":121,"column":27}},{"start":{"line":121,"column":22},"end":{"line":121,"column":27}}]},"10":{"loc":{"start":{"line":132,"column":8},"end":{"line":132,"column":48}},"type":"if","locations":[{"start":{"line":132,"column":8},"end":{"line":132,"column":48}}]},"11":{"loc":{"start":{"line":138,"column":18},"end":{"line":138,"column":76}},"type":"binary-expr","locations":[{"start":{"line":138,"column":18},"end":{"line":138,"column":30}},{"start":{"line":138,"column":34},"end":{"line":138,"column":76}}]},"12":{"loc":{"start":{"line":138,"column":18},"end":{"line":138,"column":30}},"type":"cond-expr","locations":[{"start":{"line":138,"column":21},"end":{"line":138,"column":23}},{"start":{"line":138,"column":18},"end":{"line":138,"column":30}}]},"13":{"loc":{"start":{"line":138,"column":18},"end":{"line":138,"column":23}},"type":"binary-expr","locations":[{"start":{"line":138,"column":18},"end":{"line":138,"column":23}},{"start":{"line":138,"column":18},"end":{"line":138,"column":23}}]},"14":{"loc":{"start":{"line":173,"column":9},"end":{"line":255,"column":null}},"type":"cond-expr","locations":[{"start":{"line":174,"column":10},"end":{"line":252,"column":null}},{"start":{"line":255,"column":10},"end":{"line":255,"column":71}}]},"15":{"loc":{"start":{"line":175,"column":36},"end":{"line":175,"column":65}},"type":"cond-expr","locations":[{"start":{"line":175,"column":48},"end":{"line":175,"column":50}},{"start":{"line":175,"column":53},"end":{"line":175,"column":65}}]},"16":{"loc":{"start":{"line":188,"column":23},"end":{"line":199,"column":null}},"type":"cond-expr","locations":[{"start":{"line":189,"column":24},"end":{"line":192,"column":null}},{"start":{"line":195,"column":24},"end":{"line":198,"column":null}}]},"17":{"loc":{"start":{"line":190,"column":27},"end":{"line":190,"column":108}},"type":"binary-expr","locations":[{"start":{"line":190,"column":27},"end":{"line":190,"column":46}},{"start":{"line":190,"column":50},"end":{"line":190,"column":108}}]},"18":{"loc":{"start":{"line":191,"column":27},"end":{"line":191,"column":102}},"type":"binary-expr","locations":[{"start":{"line":191,"column":27},"end":{"line":191,"column":44}},{"start":{"line":191,"column":48},"end":{"line":191,"column":102}}]},"19":{"loc":{"start":{"line":192,"column":27},"end":{"line":192,"column":105}},"type":"binary-expr","locations":[{"start":{"line":192,"column":27},"end":{"line":192,"column":45}},{"start":{"line":192,"column":49},"end":{"line":192,"column":105}}]},"20":{"loc":{"start":{"line":196,"column":27},"end":{"line":196,"column":105}},"type":"binary-expr","locations":[{"start":{"line":196,"column":27},"end":{"line":196,"column":45}},{"start":{"line":196,"column":49},"end":{"line":196,"column":105}}]},"21":{"loc":{"start":{"line":197,"column":27},"end":{"line":197,"column":111}},"type":"binary-expr","locations":[{"start":{"line":197,"column":27},"end":{"line":197,"column":47}},{"start":{"line":197,"column":51},"end":{"line":197,"column":111}}]},"22":{"loc":{"start":{"line":198,"column":27},"end":{"line":198,"column":120}},"type":"binary-expr","locations":[{"start":{"line":198,"column":27},"end":{"line":198,"column":50}},{"start":{"line":198,"column":54},"end":{"line":198,"column":120}}]},"23":{"loc":{"start":{"line":231,"column":44},"end":{"line":231,"column":74}},"type":"cond-expr","locations":[{"start":{"line":231,"column":58},"end":{"line":231,"column":69}},{"start":{"line":231,"column":72},"end":{"line":231,"column":74}}]},"24":{"loc":{"start":{"line":234,"column":23},"end":{"line":234,"column":57}},"type":"cond-expr","locations":[{"start":{"line":234,"column":37},"end":{"line":234,"column":47}},{"start":{"line":234,"column":50},"end":{"line":234,"column":57}}]},"25":{"loc":{"start":{"line":235,"column":29},"end":{"line":235,"column":76}},"type":"cond-expr","locations":[{"start":{"line":235,"column":43},"end":{"line":235,"column":57}},{"start":{"line":235,"column":60},"end":{"line":235,"column":76}}]},"26":{"loc":{"start":{"line":237,"column":21},"end":{"line":241,"column":null}},"type":"binary-expr","locations":[{"start":{"line":237,"column":21},"end":{"line":237,"column":29}},{"start":{"line":238,"column":22},"end":{"line":240,"column":null}}]}},"s":{"0":0,"1":0,"2":0,"3":0,"4":0,"5":0,"6":0,"7":0,"8":0,"9":0,"10":0,"11":0,"12":0,"13":0,"14":0,"15":0,"16":0,"17":0,"18":0,"19":0,"20":0,"21":0,"22":0,"23":0,"24":0,"25":0,"26":0,"27":0,"28":0,"29":0,"30":0,"31":0,"32":0,"33":0,"34":0,"35":0,"36":0,"37":0,"38":0,"39":0,"40":0,"41":0,"42":0,"43":0,"44":0,"45":0,"46":0,"47":0,"48":0,"49":0,"50":0,"51":0,"52":0,"53":0,"54":0,"55":0,"56":0,"57":0,"58":0,"59":0,"60":0,"61":0,"62":0,"63":0,"64":0,"65":0,"66":0,"67":0,"68":0,"69":0,"70":0,"71":0,"72":0,"73":0,"74":0,"75":0,"76":0,"77":0,"78":0,"79":0,"80":0,"81":0,"82":0,"83":0,"84":0,"85":0,"86":0,"87":0,"88":0,"89":0,"90":0,"91":0,"92":0,"93":0,"94":0,"95":0,"96":0,"97":0,"98":0,"99":0,"100":0,"101":0,"102":0,"103":0,"104":0},"f":{"0":0,"1":0,"2":0,"3":0,"4":0,"5":0,"6":0,"7":0,"8":0,"9":0,"10":0,"11":0,"12":0,"13":0,"14":0,"15":0,"16":0,"17":0,"18":0,"19":0,"20":0,"21":0,"22":0,"23":0,"24":0,"25":0,"26":0,"27":0,"28":0,"29":0,"30":0},"b":{"0":[0,0],"1":[0],"2":[0],"3":[0,0],"4":[0,0],"5":[0,0],"6":[0,0],"7":[0,0],"8":[0,0],"9":[0,0],"10":[0],"11":[0,0],"12":[0,0],"13":[0,0],"14":[0,0],"15":[0,0],"16":[0,0],"17":[0,0],"18":[0,0],"19":[0,0],"20":[0,0],"21":[0,0],"22":[0,0],"23":[0,0],"24":[0,0],"25":[0,0],"26":[0,0]}}
}
