TN:
SF:electron/main.ts
FN:28,initializeApp
FN:37,(anonymous_19)
FN:45,(anonymous_20)
FN:69,(anonymous_21)
FN:71,(anonymous_22)
FN:81,(anonymous_23)
FN:84,(anonymous_24)
FN:90,(anonymous_25)
FN:105,(anonymous_26)
FN:107,(anonymous_27)
FN:110,(anonymous_28)
FN:121,(anonymous_29)
FN:143,validateLanguage
FN:150,escapeXml
FN:160,getAPIKey
FN:169,getModel
FN:178,createWindow
FN:194,(anonymous_35)
FN:199,(anonymous_36)
FN:199,(anonymous_37)
FN:204,(anonymous_38)
FN:207,(anonymous_39)
FN:219,(anonymous_40)
FN:219,(anonymous_41)
FN:236,(anonymous_42)
FN:240,(anonymous_43)
FN:260,(anonymous_44)
FN:260,(anonymous_45)
FN:365,(anonymous_46)
FN:368,(anonymous_47)
FN:369,(anonymous_48)
FN:377,(anonymous_49)
FN:391,(anonymous_50)
FN:391,(anonymous_51)
FN:441,(anonymous_52)
FN:458,(anonymous_53)
FN:458,(anonymous_54)
FN:474,(anonymous_55)
FN:475,(anonymous_56)
FN:479,(anonymous_57)
FN:523,(anonymous_58)
FN:531,(anonymous_59)
FNF:42
FNH:0
FNDA:0,initializeApp
FNDA:0,(anonymous_19)
FNDA:0,(anonymous_20)
FNDA:0,(anonymous_21)
FNDA:0,(anonymous_22)
FNDA:0,(anonymous_23)
FNDA:0,(anonymous_24)
FNDA:0,(anonymous_25)
FNDA:0,(anonymous_26)
FNDA:0,(anonymous_27)
FNDA:0,(anonymous_28)
FNDA:0,(anonymous_29)
FNDA:0,validateLanguage
FNDA:0,escapeXml
FNDA:0,getAPIKey
FNDA:0,getModel
FNDA:0,createWindow
FNDA:0,(anonymous_35)
FNDA:0,(anonymous_36)
FNDA:0,(anonymous_37)
FNDA:0,(anonymous_38)
FNDA:0,(anonymous_39)
FNDA:0,(anonymous_40)
FNDA:0,(anonymous_41)
FNDA:0,(anonymous_42)
FNDA:0,(anonymous_43)
FNDA:0,(anonymous_44)
FNDA:0,(anonymous_45)
FNDA:0,(anonymous_46)
FNDA:0,(anonymous_47)
FNDA:0,(anonymous_48)
FNDA:0,(anonymous_49)
FNDA:0,(anonymous_50)
FNDA:0,(anonymous_51)
FNDA:0,(anonymous_52)
FNDA:0,(anonymous_53)
FNDA:0,(anonymous_54)
FNDA:0,(anonymous_55)
FNDA:0,(anonymous_56)
FNDA:0,(anonymous_57)
FNDA:0,(anonymous_58)
FNDA:0,(anonymous_59)
DA:1,0
DA:2,0
DA:3,0
DA:4,0
DA:5,0
DA:7,0
DA:8,0
DA:9,0
DA:12,0
DA:13,0
DA:14,0
DA:20,0
DA:21,0
DA:22,0
DA:23,0
DA:24,0
DA:25,0
DA:30,0
DA:31,0
DA:32,0
DA:34,0
DA:37,0
DA:38,0
DA:42,0
DA:45,0
DA:47,0
DA:48,0
DA:52,0
DA:53,0
DA:68,0
DA:69,0
DA:72,0
DA:73,0
DA:74,0
DA:75,0
DA:76,0
DA:78,0
DA:83,0
DA:84,0
DA:85,0
DA:87,0
DA:91,0
DA:95,0
DA:96,0
DA:103,0
DA:105,0
DA:108,0
DA:109,0
DA:110,0
DA:112,0
DA:113,0
DA:116,0
DA:117,0
DA:118,0
DA:122,0
DA:126,0
DA:127,0
DA:133,0
DA:144,0
DA:145,0
DA:147,0
DA:151,0
DA:161,0
DA:162,0
DA:163,0
DA:165,0
DA:170,0
DA:171,0
DA:172,0
DA:174,0
DA:179,0
DA:192,0
DA:194,0
DA:195,0
DA:199,0
DA:200,0
DA:201,0
DA:204,0
DA:205,0
DA:206,0
DA:207,0
DA:208,0
DA:211,0
DA:219,0
DA:220,0
DA:222,0
DA:223,0
DA:227,0
DA:230,0
DA:231,0
DA:232,0
DA:236,0
DA:237,0
DA:241,0
DA:242,0
DA:243,0
DA:245,0
DA:246,0
DA:247,0
DA:252,0
DA:260,0
DA:261,0
DA:263,0
DA:264,0
DA:268,0
DA:269,0
DA:273,0
DA:274,0
DA:276,0
DA:279,0
DA:280,0
DA:281,0
DA:282,0
DA:285,0
DA:311,0
DA:314,0
DA:315,0
DA:316,0
DA:318,0
DA:320,0
DA:322,0
DA:323,0
DA:325,0
DA:328,0
DA:334,0
DA:335,0
DA:336,0
DA:339,0
DA:351,0
DA:352,0
DA:353,0
DA:354,0
DA:355,0
DA:356,0
DA:357,0
DA:358,0
DA:359,0
DA:360,0
DA:361,0
DA:363,0
DA:365,0
DA:366,0
DA:367,0
DA:368,0
DA:369,0
DA:370,0
DA:371,0
DA:372,0
DA:374,0
DA:377,0
DA:378,0
DA:383,0
DA:391,0
DA:392,0
DA:394,0
DA:395,0
DA:399,0
DA:400,0
DA:404,0
DA:405,0
DA:407,0
DA:408,0
DA:410,0
DA:412,0
DA:413,0
DA:422,0
DA:423,0
DA:424,0
DA:425,0
DA:426,0
DA:427,0
DA:431,0
DA:440,0
DA:441,0
DA:444,0
DA:445,0
DA:446,0
DA:448,0
DA:450,0
DA:458,0
DA:459,0
DA:461,0
DA:462,0
DA:466,0
DA:467,0
DA:470,0
DA:471,0
DA:474,0
DA:475,0
DA:476,0
DA:477,0
DA:479,0
DA:480,0
DA:481,0
DA:482,0
DA:485,0
DA:507,0
DA:524,0
DA:525,0
DA:531,0
DA:532,0
DA:533,0
DA:538,0
LF:203
LH:0
BRDA:31,0,0,0
BRDA:38,1,0,0
BRDA:45,2,0,0
BRDA:45,2,1,0
BRDA:47,3,0,0
BRDA:69,4,0,0
BRDA:69,5,0,0
BRDA:73,6,0,0
BRDA:74,7,0,0
BRDA:83,8,0,0
BRDA:110,9,0,0
BRDA:110,9,1,0
BRDA:112,10,0,0
BRDA:144,11,0,0
BRDA:144,12,0,0
BRDA:144,12,1,0
BRDA:162,13,0,0
BRDA:162,14,0,0
BRDA:162,14,1,0
BRDA:170,15,0,0
BRDA:205,16,0,0
BRDA:206,17,0,0
BRDA:208,18,0,0
BRDA:222,19,0,0
BRDA:231,20,0,0
BRDA:241,21,0,0
BRDA:245,22,0,0
BRDA:245,22,1,0
BRDA:252,23,0,0
BRDA:252,23,1,0
BRDA:252,24,0,0
BRDA:252,24,1,0
BRDA:252,25,0,0
BRDA:252,25,1,0
BRDA:263,26,0,0
BRDA:268,27,0,0
BRDA:273,28,0,0
BRDA:273,29,0,0
BRDA:273,29,1,0
BRDA:273,29,2,0
BRDA:281,30,0,0
BRDA:311,31,0,0
BRDA:311,31,1,0
BRDA:315,32,0,0
BRDA:315,32,1,0
BRDA:315,32,2,0
BRDA:315,32,3,0
BRDA:320,33,0,0
BRDA:320,33,1,0
BRDA:353,34,0,0
BRDA:353,34,1,0
BRDA:353,35,0,0
BRDA:353,35,1,0
BRDA:354,36,0,0
BRDA:354,36,1,0
BRDA:355,37,0,0
BRDA:355,37,1,0
BRDA:356,38,0,0
BRDA:356,38,1,0
BRDA:357,39,0,0
BRDA:357,39,1,0
BRDA:358,40,0,0
BRDA:358,40,1,0
BRDA:359,41,0,0
BRDA:359,41,1,0
BRDA:360,42,0,0
BRDA:360,42,1,0
BRDA:361,43,0,0
BRDA:370,44,0,0
BRDA:370,44,1,0
BRDA:383,45,0,0
BRDA:383,45,1,0
BRDA:383,46,0,0
BRDA:383,46,1,0
BRDA:383,47,0,0
BRDA:383,47,1,0
BRDA:394,48,0,0
BRDA:399,49,0,0
BRDA:404,50,0,0
BRDA:407,51,0,0
BRDA:407,52,0,0
BRDA:407,52,1,0
BRDA:425,53,0,0
BRDA:441,54,0,0
BRDA:441,54,1,0
BRDA:441,55,0,0
BRDA:441,55,1,0
BRDA:441,56,0,0
BRDA:441,56,1,0
BRDA:441,57,0,0
BRDA:441,57,1,0
BRDA:441,58,0,0
BRDA:441,58,1,0
BRDA:461,59,0,0
BRDA:466,60,0,0
BRDA:470,61,0,0
BRDA:470,62,0,0
BRDA:470,62,1,0
BRDA:480,63,0,0
BRDA:480,64,0,0
BRDA:480,64,1,0
BRDA:488,65,0,0
BRDA:488,65,1,0
BRDA:489,66,0,0
BRDA:489,66,1,0
BRDA:490,67,0,0
BRDA:490,67,1,0
BRDA:491,68,0,0
BRDA:491,68,1,0
BRDA:492,69,0,0
BRDA:492,69,1,0
BRDA:493,70,0,0
BRDA:493,70,1,0
BRDA:494,71,0,0
BRDA:494,71,1,0
BRDA:495,72,0,0
BRDA:495,72,1,0
BRDA:496,73,0,0
BRDA:496,73,1,0
BRDA:497,74,0,0
BRDA:497,74,1,0
BRDA:498,75,0,0
BRDA:498,75,1,0
BRDA:499,76,0,0
BRDA:499,76,1,0
BRDA:500,77,0,0
BRDA:500,77,1,0
BRDA:501,78,0,0
BRDA:501,78,1,0
BRDA:502,79,0,0
BRDA:502,79,1,0
BRDA:503,80,0,0
BRDA:503,80,1,0
BRDA:504,81,0,0
BRDA:504,81,1,0
BRDA:524,82,0,0
BRDA:524,82,1,0
BRDA:533,83,0,0
BRDA:533,83,1,0
BRDA:538,84,0,0
BRDA:538,84,1,0
BRDA:538,85,0,0
BRDA:538,85,1,0
BRDA:538,86,0,0
BRDA:538,86,1,0
BRF:145
BRH:0
end_of_record
TN:
SF:electron/preload.ts
FN:4,(anonymous_0)
FN:5,(anonymous_1)
FN:6,(anonymous_2)
FN:7,(anonymous_3)
FNF:4
FNH:0
FNDA:0,(anonymous_0)
FNDA:0,(anonymous_1)
FNDA:0,(anonymous_2)
FNDA:0,(anonymous_3)
DA:1,0
DA:3,0
DA:4,0
DA:5,0
DA:6,0
DA:7,0
LF:6
LH:0
BRF:0
BRH:0
end_of_record
TN:
SF:scripts/generateComprehensiveData.js
FN:13,(anonymous_0)
FN:40,sleep
FN:41,(anonymous_2)
FN:47,initDatabase
FN:48,(anonymous_4)
FN:49,(anonymous_5)
FN:74,(anonymous_6)
FN:85,generateComprehensivePhonemeData
FN:185,insertCards
FN:186,(anonymous_9)
FN:187,(anonymous_10)
FN:201,(anonymous_11)
FN:230,(anonymous_12)
FN:246,main
FN:284,(anonymous_14)
FNF:15
FNH:0
FNDA:0,(anonymous_0)
FNDA:0,sleep
FNDA:0,(anonymous_2)
FNDA:0,initDatabase
FNDA:0,(anonymous_4)
FNDA:0,(anonymous_5)
FNDA:0,(anonymous_6)
FNDA:0,generateComprehensivePhonemeData
FNDA:0,insertCards
FNDA:0,(anonymous_9)
FNDA:0,(anonymous_10)
FNDA:0,(anonymous_11)
FNDA:0,(anonymous_12)
FNDA:0,main
FNDA:0,(anonymous_14)
DA:12,0
DA:13,0
DA:14,0
DA:15,0
DA:16,0
DA:20,0
DA:21,0
DA:23,0
DA:24,0
DA:26,0
DA:27,0
DA:30,0
DA:31,0
DA:34,0
DA:41,0
DA:48,0
DA:49,0
DA:50,0
DA:75,0
DA:76,0
DA:86,0
DA:111,0
DA:113,0
DA:154,0
DA:155,0
DA:156,0
DA:157,0
DA:158,0
DA:159,0
DA:162,0
DA:163,0
DA:164,0
DA:165,0
DA:166,0
DA:167,0
DA:170,0
DA:171,0
DA:172,0
DA:174,0
DA:175,0
DA:176,0
DA:179,0
DA:186,0
DA:187,0
DA:188,0
DA:189,0
DA:190,0
DA:193,0
DA:194,0
DA:196,0
DA:197,0
DA:198,0
DA:201,0
DA:202,0
DA:231,0
DA:232,0
DA:233,0
DA:234,0
DA:247,0
DA:248,0
DA:250,0
DA:251,0
DA:252,0
DA:254,0
DA:255,0
DA:258,0
DA:259,0
DA:260,0
DA:262,0
DA:263,0
DA:264,0
DA:267,0
DA:268,0
DA:270,0
DA:271,0
DA:272,0
DA:275,0
DA:279,0
DA:280,0
DA:281,0
DA:284,0
DA:285,0
DA:286,0
LF:83
LH:0
BRDA:14,0,0,0
BRDA:14,0,1,0
BRDA:75,1,0,0
BRDA:75,1,1,0
BRDA:111,2,0,0
BRDA:111,2,1,0
BRDA:116,3,0,0
BRDA:116,3,1,0
BRDA:163,4,0,0
BRDA:163,4,1,0
BRDA:188,5,0,0
BRDA:188,5,1,0
BRDA:196,6,0,0
BRDA:196,6,1,0
BRDA:211,7,0,0
BRDA:211,7,1,0
BRDA:212,8,0,0
BRDA:212,8,1,0
BRDA:213,9,0,0
BRDA:213,9,1,0
BRDA:214,10,0,0
BRDA:214,10,1,0
BRDA:215,11,0,0
BRDA:215,11,1,0
BRDA:216,12,0,0
BRDA:216,12,1,0
BRDA:217,13,0,0
BRDA:217,13,1,0
BRDA:218,14,0,0
BRDA:218,14,1,0
BRDA:219,15,0,0
BRDA:219,15,1,0
BRDA:220,16,0,0
BRDA:220,16,1,0
BRDA:221,17,0,0
BRDA:221,17,1,0
BRDA:222,18,0,0
BRDA:222,18,1,0
BRDA:223,19,0,0
BRDA:223,19,1,0
BRDA:224,20,0,0
BRDA:224,20,1,0
BRDA:225,21,0,0
BRDA:225,21,1,0
BRDA:226,22,0,0
BRDA:226,22,1,0
BRDA:227,23,0,0
BRDA:227,23,1,0
BRDA:228,24,0,0
BRDA:228,24,1,0
BRDA:232,25,0,0
BRDA:232,25,1,0
BRDA:233,26,0,0
BRDA:233,26,1,0
BRDA:262,27,0,0
BRDA:262,27,1,0
BRDA:270,28,0,0
BRDA:270,28,1,0
BRF:58
BRH:0
end_of_record
TN:
SF:scripts/generateData.js
FN:23,sleep
FN:24,(anonymous_1)
FN:27,generateData
FN:92,main
FN:122,(anonymous_4)
FNF:5
FNH:0
FNDA:0,sleep
FNDA:0,(anonymous_1)
FNDA:0,generateData
FNDA:0,main
FNDA:0,(anonymous_4)
DA:7,0
DA:8,0
DA:9,0
DA:11,0
DA:12,0
DA:13,0
DA:14,0
DA:16,0
DA:17,0
DA:19,0
DA:24,0
DA:28,0
DA:68,0
DA:69,0
DA:70,0
DA:71,0
DA:72,0
DA:73,0
DA:74,0
DA:75,0
DA:76,0
DA:77,0
DA:79,0
DA:80,0
DA:81,0
DA:82,0
DA:84,0
DA:85,0
DA:89,0
DA:93,0
DA:113,0
DA:118,0
DA:119,0
DA:120,0
DA:122,0
DA:123,0
DA:124,0
DA:141,0
DA:142,0
DA:143,0
DA:147,0
LF:41
LH:0
BRDA:12,0,0,0
BRDA:12,0,1,0
BRDA:76,1,0,0
BRDA:76,1,1,0
BRDA:79,2,0,0
BRDA:79,2,1,0
BRDA:120,3,0,0
BRDA:120,3,1,0
BRF:8
BRH:0
end_of_record
TN:
SF:scripts/generateExhaustiveData.js
FN:27,sleep
FN:28,(anonymous_1)
FN:31,generateBatch
FN:74,main
FN:77,(anonymous_4)
FN:90,(anonymous_5)
FN:90,(anonymous_6)
FN:95,(anonymous_7)
FN:95,(anonymous_8)
FN:95,(anonymous_9)
FN:111,(anonymous_10)
FNF:11
FNH:0
FNDA:0,sleep
FNDA:0,(anonymous_1)
FNDA:0,generateBatch
FNDA:0,main
FNDA:0,(anonymous_4)
FNDA:0,(anonymous_5)
FNDA:0,(anonymous_6)
FNDA:0,(anonymous_7)
FNDA:0,(anonymous_8)
FNDA:0,(anonymous_9)
FNDA:0,(anonymous_10)
DA:7,0
DA:8,0
DA:9,0
DA:11,0
DA:12,0
DA:14,0
DA:15,0
DA:17,0
DA:28,0
DA:32,0
DA:62,0
DA:63,0
DA:64,0
DA:65,0
DA:66,0
DA:67,0
DA:69,0
DA:70,0
DA:75,0
DA:77,0
DA:78,0
DA:89,0
DA:90,0
DA:92,0
DA:94,0
DA:95,0
DA:97,0
DA:98,0
DA:99,0
DA:100,0
DA:101,0
DA:104,0
DA:111,0
DA:112,0
DA:113,0
DA:121,0
DA:124,0
DA:125,0
DA:126,0
DA:129,0
DA:132,0
LF:41
LH:0
BRDA:66,0,0,0
BRDA:66,0,1,0
BRDA:90,1,0,0
BRDA:90,1,1,0
BRDA:98,2,0,0
BRDA:98,2,1,0
BRDA:114,3,0,0
BRDA:114,3,1,0
BRDA:114,4,0,0
BRDA:114,4,1,0
BRDA:114,5,0,0
BRDA:114,5,1,0
BRDA:115,6,0,0
BRDA:115,6,1,0
BRDA:115,7,0,0
BRDA:115,7,1,0
BRDA:115,8,0,0
BRDA:115,8,1,0
BRDA:117,9,0,0
BRDA:117,9,1,0
BRDA:117,10,0,0
BRDA:117,10,1,0
BRDA:117,11,0,0
BRDA:117,11,1,0
BRDA:118,12,0,0
BRDA:118,12,1,0
BRDA:118,13,0,0
BRDA:118,13,1,0
BRDA:118,14,0,0
BRDA:118,14,1,0
BRF:30
BRH:0
end_of_record
TN:
SF:src/App.tsx
FN:39,App
FN:47,(anonymous_8)
FN:51,(anonymous_9)
FN:51,(anonymous_10)
FN:65,(anonymous_11)
FN:65,(anonymous_12)
FN:81,(anonymous_13)
FN:92,(anonymous_14)
FN:93,(anonymous_15)
FN:98,(anonymous_16)
FN:99,(anonymous_17)
FN:104,(anonymous_18)
FN:104,(anonymous_19)
FN:110,(anonymous_20)
FN:111,(anonymous_21)
FN:111,(anonymous_22)
FN:125,(anonymous_23)
FN:131,(anonymous_24)
FN:144,(anonymous_25)
FN:145,(anonymous_26)
FN:165,(anonymous_27)
FN:166,(anonymous_28)
FN:168,(anonymous_29)
FN:175,(anonymous_30)
FN:183,(anonymous_31)
FN:215,(anonymous_32)
FN:215,(anonymous_33)
FN:217,(anonymous_34)
FN:232,(anonymous_35)
FN:249,(anonymous_36)
FN:251,(anonymous_37)
FNF:31
FNH:0
FNDA:0,App
FNDA:0,(anonymous_8)
FNDA:0,(anonymous_9)
FNDA:0,(anonymous_10)
FNDA:0,(anonymous_11)
FNDA:0,(anonymous_12)
FNDA:0,(anonymous_13)
FNDA:0,(anonymous_14)
FNDA:0,(anonymous_15)
FNDA:0,(anonymous_16)
FNDA:0,(anonymous_17)
FNDA:0,(anonymous_18)
FNDA:0,(anonymous_19)
FNDA:0,(anonymous_20)
FNDA:0,(anonymous_21)
FNDA:0,(anonymous_22)
FNDA:0,(anonymous_23)
FNDA:0,(anonymous_24)
FNDA:0,(anonymous_25)
FNDA:0,(anonymous_26)
FNDA:0,(anonymous_27)
FNDA:0,(anonymous_28)
FNDA:0,(anonymous_29)
FNDA:0,(anonymous_30)
FNDA:0,(anonymous_31)
FNDA:0,(anonymous_32)
FNDA:0,(anonymous_33)
FNDA:0,(anonymous_34)
FNDA:0,(anonymous_35)
FNDA:0,(anonymous_36)
FNDA:0,(anonymous_37)
DA:1,0
DA:2,0
DA:3,0
DA:28,0
DA:39,0
DA:40,0
DA:41,0
DA:42,0
DA:43,0
DA:44,0
DA:45,0
DA:47,0
DA:48,0
DA:51,0
DA:52,0
DA:54,0
DA:55,0
DA:56,0
DA:57,0
DA:59,0
DA:60,0
DA:61,0
DA:65,0
DA:66,0
DA:67,0
DA:68,0
DA:69,0
DA:72,0
DA:73,0
DA:74,0
DA:75,0
DA:76,0
DA:78,0
DA:79,0
DA:80,0
DA:81,0
DA:82,0
DA:83,0
DA:86,0
DA:87,0
DA:88,0
DA:92,0
DA:93,0
DA:94,0
DA:95,0
DA:98,0
DA:99,0
DA:100,0
DA:101,0
DA:104,0
DA:105,0
DA:106,0
DA:107,0
DA:108,0
DA:110,0
DA:111,0
DA:112,0
DA:113,0
DA:115,0
DA:116,0
DA:118,0
DA:119,0
DA:124,0
DA:125,0
DA:129,0
DA:130,0
DA:131,0
DA:132,0
DA:135,0
DA:136,0
DA:140,0
DA:144,0
DA:145,0
DA:146,0
DA:147,0
DA:148,0
DA:149,0
DA:152,0
DA:154,0
DA:165,0
DA:166,0
DA:168,0
DA:175,0
DA:183,0
DA:215,0
DA:216,0
DA:217,0
DA:232,0
DA:249,0
DA:251,0
LF:90
LH:0
BRDA:55,0,0,0
BRDA:55,0,1,0
BRDA:67,1,0,0
BRDA:73,2,0,0
BRDA:73,3,0,0
BRDA:73,3,1,0
BRDA:87,4,0,0
BRDA:87,4,1,0
BRDA:87,5,0,0
BRDA:87,5,1,0
BRDA:87,6,0,0
BRDA:87,6,1,0
BRDA:121,7,0,0
BRDA:121,7,1,0
BRDA:121,8,0,0
BRDA:121,8,1,0
BRDA:121,9,0,0
BRDA:121,9,1,0
BRDA:132,10,0,0
BRDA:138,11,0,0
BRDA:138,11,1,0
BRDA:138,12,0,0
BRDA:138,12,1,0
BRDA:138,13,0,0
BRDA:138,13,1,0
BRDA:173,14,0,0
BRDA:173,14,1,0
BRDA:175,15,0,0
BRDA:175,15,1,0
BRDA:188,16,0,0
BRDA:188,16,1,0
BRDA:190,17,0,0
BRDA:190,17,1,0
BRDA:191,18,0,0
BRDA:191,18,1,0
BRDA:192,19,0,0
BRDA:192,19,1,0
BRDA:196,20,0,0
BRDA:196,20,1,0
BRDA:197,21,0,0
BRDA:197,21,1,0
BRDA:198,22,0,0
BRDA:198,22,1,0
BRDA:231,23,0,0
BRDA:231,23,1,0
BRDA:234,24,0,0
BRDA:234,24,1,0
BRDA:235,25,0,0
BRDA:235,25,1,0
BRDA:237,26,0,0
BRDA:237,26,1,0
BRF:51
BRH:0
end_of_record
